{INFO}  com.sverbank.main.BankMain   Welcome to Sverbank App V1.0       11-Jan-2021 Monday CST 14:37:08
{INFO}  com.sverbank.main.BankMain   Welcome to Sverbank App V1.0       11-Jan-2021 Monday CST 14:37:43
{INFO}  com.sverbank.main.BankMain   Welcome to Sverbank App V1.0       11-Jan-2021 Monday CST 15:47:56
{INFO}  com.sverbank.main.BankMain   ---------------------------------------       11-Jan-2021 Monday CST 15:47:56
{INFO}  com.sverbank.main.BankMain   MAIN MENU       11-Jan-2021 Monday CST 15:47:56
{INFO}  com.sverbank.main.BankMain   ===========================       11-Jan-2021 Monday CST 15:47:56
{INFO}  com.sverbank.main.BankMain   1)Log in to my account       11-Jan-2021 Monday CST 15:47:56
{INFO}  com.sverbank.main.BankMain   2)New Customer       11-Jan-2021 Monday CST 15:47:56
{INFO}  com.sverbank.main.BankMain   3)Employee log in       11-Jan-2021 Monday CST 15:47:56
{INFO}  com.sverbank.main.BankMain   Please enter appropriate choice between 1-3       11-Jan-2021 Monday CST 15:47:56
{INFO}  com.sverbank.main.BankMain   Welcome to Sverbank App V1.0       11-Jan-2021 Monday CST 15:48:41
{INFO}  com.sverbank.main.BankMain   ---------------------------------------       11-Jan-2021 Monday CST 15:48:41
{INFO}  com.sverbank.main.BankMain   MAIN MENU       11-Jan-2021 Monday CST 15:48:41
{INFO}  com.sverbank.main.BankMain   ===========================       11-Jan-2021 Monday CST 15:48:41
{INFO}  com.sverbank.main.BankMain   1)Log in to my account       11-Jan-2021 Monday CST 15:48:41
{WARN}  com.sverbank.main.BankMain   2)New Customer       11-Jan-2021 Monday CST 15:48:41
{INFO}  com.sverbank.main.BankMain   3)Employee log in       11-Jan-2021 Monday CST 15:48:41
{INFO}  com.sverbank.main.BankMain   Please enter appropriate choice between 1-3       11-Jan-2021 Monday CST 15:48:41
{INFO}  com.sverbank.main.BankMain   Welcome to Sverbank App V1.0       11-Jan-2021 Monday CST 15:49:04
{INFO}  com.sverbank.main.BankMain   ---------------------------------------       11-Jan-2021 Monday CST 15:49:04
{INFO}  com.sverbank.main.BankMain   MAIN MENU       11-Jan-2021 Monday CST 15:49:04
{INFO}  com.sverbank.main.BankMain   ===========================       11-Jan-2021 Monday CST 15:49:04
{INFO}  com.sverbank.main.BankMain   1)Log in to my account       11-Jan-2021 Monday CST 15:49:04
{WARN}  com.sverbank.main.BankMain   2)New Customer       11-Jan-2021 Monday CST 15:49:04
{INFO}  com.sverbank.main.BankMain   3)Employee log in       11-Jan-2021 Monday CST 15:49:04
{INFO}  com.sverbank.main.BankMain   Please enter appropriate choice between 1-3       11-Jan-2021 Monday CST 15:49:04
{INFO}  com.sverbank.main.BankMain   __________________________       11-Jan-2021 Monday CST 16:11:24
{INFO}  com.sverbank.main.BankMain   Register new customer page       11-Jan-2021 Monday CST 16:11:24
{INFO}  com.sverbank.main.BankMain   __________________________       11-Jan-2021 Monday CST 16:11:24
{INFO}  com.sverbank.main.BankMain   Enter your FIRST NAME       11-Jan-2021 Monday CST 16:11:24
{INFO}  com.sverbank.main.BankMain   Welcome to Sverbank App V1.0       11-Jan-2021 Monday CST 18:55:05
{INFO}  com.sverbank.main.BankMain   ---------------------------------------       11-Jan-2021 Monday CST 18:55:05
{INFO}  com.sverbank.main.BankMain   MAIN MENU       11-Jan-2021 Monday CST 18:55:05
{INFO}  com.sverbank.main.BankMain   ===========================       11-Jan-2021 Monday CST 18:55:05
{INFO}  com.sverbank.main.BankMain   1)Log in to my account       11-Jan-2021 Monday CST 18:55:05
{INFO}  com.sverbank.main.BankMain   2)New Customer       11-Jan-2021 Monday CST 18:55:05
{INFO}  com.sverbank.main.BankMain   3)Employee log in       11-Jan-2021 Monday CST 18:55:05
{INFO}  com.sverbank.main.BankMain   Please enter appropriate choice between 1-3       11-Jan-2021 Monday CST 18:55:05
{INFO}  com.sverbank.main.BankMain   Customer log in page       11-Jan-2021 Monday CST 18:55:17
{INFO}  com.sverbank.main.BankMain   Enter your LOGIN       11-Jan-2021 Monday CST 18:55:17
{INFO}  com.sverbank.main.BankMain   Enter your PASSWORD       11-Jan-2021 Monday CST 18:55:21
{INFO}  com.sverbank.main.BankMain   
Hello Anna       11-Jan-2021 Monday CST 18:55:23
{INFO}  com.sverbank.main.BankMain   
Your accounts:
       11-Jan-2021 Monday CST 18:55:23
{INFO}  com.sverbank.main.BankMain   7954958735  |  pending  |  $600.0       11-Jan-2021 Monday CST 18:55:23
{INFO}  com.sverbank.main.BankMain   6930591909  |  active  |  $500.0       11-Jan-2021 Monday CST 18:55:23
{INFO}  com.sverbank.main.BankMain   
Customer MENU       11-Jan-2021 Monday CST 18:55:23
{INFO}  com.sverbank.main.BankMain   ===========================       11-Jan-2021 Monday CST 18:55:23
{INFO}  com.sverbank.main.BankMain   1)Withdraw money       11-Jan-2021 Monday CST 18:55:23
{INFO}  com.sverbank.main.BankMain   2)Add funds       11-Jan-2021 Monday CST 18:55:23
{INFO}  com.sverbank.main.BankMain   3)Send money       11-Jan-2021 Monday CST 18:55:23
{INFO}  com.sverbank.main.BankMain   4)Receive money       11-Jan-2021 Monday CST 18:55:23
{INFO}  com.sverbank.main.BankMain   5)EXIT       11-Jan-2021 Monday CST 18:55:23
{INFO}  com.sverbank.main.BankMain   Please enter appropriate choice between 1-5       11-Jan-2021 Monday CST 18:55:23
{INFO}  com.sverbank.main.BankMain   Enter account number you woul like to access)        11-Jan-2021 Monday CST 18:55:44
{INFO}  com.sverbank.main.BankMain   How much money would you like to withdraw       11-Jan-2021 Monday CST 18:56:19
{INFO}  com.sverbank.main.BankMain   
Could not update balance       11-Jan-2021 Monday CST 18:57:49
{INFO}  com.sverbank.main.BankMain   
Customer MENU       11-Jan-2021 Monday CST 18:57:49
{INFO}  com.sverbank.main.BankMain   ===========================       11-Jan-2021 Monday CST 18:57:49
{INFO}  com.sverbank.main.BankMain   1)Withdraw money       11-Jan-2021 Monday CST 18:57:49
{INFO}  com.sverbank.main.BankMain   2)Add funds       11-Jan-2021 Monday CST 18:57:49
{INFO}  com.sverbank.main.BankMain   3)Send money       11-Jan-2021 Monday CST 18:57:49
{INFO}  com.sverbank.main.BankMain   4)Receive money       11-Jan-2021 Monday CST 18:57:49
{INFO}  com.sverbank.main.BankMain   5)EXIT       11-Jan-2021 Monday CST 18:57:49
{INFO}  com.sverbank.main.BankMain   Please enter appropriate choice between 1-5       11-Jan-2021 Monday CST 18:57:49
{INFO}  com.sverbank.main.BankMain   Enter account number you would like to send money from)        11-Jan-2021 Monday CST 19:06:01
{INFO}  com.sverbank.main.BankMain   It is your account - passed       11-Jan-2021 Monday CST 19:06:19
{INFO}  com.sverbank.main.BankMain   Account is active - passed       11-Jan-2021 Monday CST 19:06:19
{INFO}  com.sverbank.main.BankMain   Enter recipient account number)        11-Jan-2021 Monday CST 19:06:19
{INFO}  com.sverbank.main.BankMain   How much money would you like to send       11-Jan-2021 Monday CST 19:09:14
{INFO}  com.sverbank.main.BankMain   Some internal error occured. Please contact admin       11-Jan-2021 Monday CST 19:09:24
{INFO}  com.sverbank.main.BankMain   
Customer MENU       11-Jan-2021 Monday CST 19:09:24
{INFO}  com.sverbank.main.BankMain   ===========================       11-Jan-2021 Monday CST 19:09:24
{INFO}  com.sverbank.main.BankMain   1)Withdraw money       11-Jan-2021 Monday CST 19:09:24
{INFO}  com.sverbank.main.BankMain   2)Add funds       11-Jan-2021 Monday CST 19:09:24
{INFO}  com.sverbank.main.BankMain   3)Send money       11-Jan-2021 Monday CST 19:09:24
{INFO}  com.sverbank.main.BankMain   4)Receive money       11-Jan-2021 Monday CST 19:09:24
{INFO}  com.sverbank.main.BankMain   5)EXIT       11-Jan-2021 Monday CST 19:09:24
{INFO}  com.sverbank.main.BankMain   Please enter appropriate choice between 1-5       11-Jan-2021 Monday CST 19:09:24
{INFO}  com.sverbank.main.BankMain   Welcome to Sverbank App V1.0       11-Jan-2021 Monday CST 19:10:04
{INFO}  com.sverbank.main.BankMain   ---------------------------------------       11-Jan-2021 Monday CST 19:10:04
{INFO}  com.sverbank.main.BankMain   MAIN MENU       11-Jan-2021 Monday CST 19:10:04
{INFO}  com.sverbank.main.BankMain   ===========================       11-Jan-2021 Monday CST 19:10:04
{INFO}  com.sverbank.main.BankMain   1)Log in to my account       11-Jan-2021 Monday CST 19:10:04
{INFO}  com.sverbank.main.BankMain   2)New Customer       11-Jan-2021 Monday CST 19:10:04
{INFO}  com.sverbank.main.BankMain   3)Employee log in       11-Jan-2021 Monday CST 19:10:04
{INFO}  com.sverbank.main.BankMain   Please enter appropriate choice between 1-3       11-Jan-2021 Monday CST 19:10:04
{INFO}  com.sverbank.main.BankMain   Customer log in page       11-Jan-2021 Monday CST 19:10:07
{INFO}  com.sverbank.main.BankMain   Enter your LOGIN       11-Jan-2021 Monday CST 19:10:07
{INFO}  com.sverbank.main.BankMain   Enter your PASSWORD       11-Jan-2021 Monday CST 19:10:12
{INFO}  com.sverbank.main.BankMain   
Hello Anna       11-Jan-2021 Monday CST 19:10:15
{INFO}  com.sverbank.main.BankMain   
Your accounts:
       11-Jan-2021 Monday CST 19:10:15
{INFO}  com.sverbank.main.BankMain   7954958735  |  pending  |  $600.0       11-Jan-2021 Monday CST 19:10:15
{INFO}  com.sverbank.main.BankMain   6930591909  |  active  |  $1000.0       11-Jan-2021 Monday CST 19:10:15
{INFO}  com.sverbank.main.BankMain   
Customer MENU       11-Jan-2021 Monday CST 19:10:15
{INFO}  com.sverbank.main.BankMain   ===========================       11-Jan-2021 Monday CST 19:10:15
{INFO}  com.sverbank.main.BankMain   1)Withdraw money       11-Jan-2021 Monday CST 19:10:15
{INFO}  com.sverbank.main.BankMain   2)Add funds       11-Jan-2021 Monday CST 19:10:15
{INFO}  com.sverbank.main.BankMain   3)Send money       11-Jan-2021 Monday CST 19:10:15
{INFO}  com.sverbank.main.BankMain   4)Receive money       11-Jan-2021 Monday CST 19:10:15
{INFO}  com.sverbank.main.BankMain   5)EXIT       11-Jan-2021 Monday CST 19:10:15
{INFO}  com.sverbank.main.BankMain   Please enter appropriate choice between 1-5       11-Jan-2021 Monday CST 19:10:15
{INFO}  com.sverbank.main.BankMain   Enter account number you would like to send money from)        11-Jan-2021 Monday CST 19:10:19
{INFO}  com.sverbank.main.BankMain   It is your account - passed       11-Jan-2021 Monday CST 19:10:28
{INFO}  com.sverbank.main.BankMain   Account is active - passed       11-Jan-2021 Monday CST 19:10:28
{INFO}  com.sverbank.main.BankMain   Enter recipient account number)        11-Jan-2021 Monday CST 19:10:28
{INFO}  com.sverbank.main.BankMain   You can not send money to the same account       11-Jan-2021 Monday CST 19:10:38
{INFO}  com.sverbank.main.BankMain   
Customer MENU       11-Jan-2021 Monday CST 19:10:38
{INFO}  com.sverbank.main.BankMain   ===========================       11-Jan-2021 Monday CST 19:10:38
{INFO}  com.sverbank.main.BankMain   1)Withdraw money       11-Jan-2021 Monday CST 19:10:38
{INFO}  com.sverbank.main.BankMain   2)Add funds       11-Jan-2021 Monday CST 19:10:38
{INFO}  com.sverbank.main.BankMain   3)Send money       11-Jan-2021 Monday CST 19:10:38
{INFO}  com.sverbank.main.BankMain   4)Receive money       11-Jan-2021 Monday CST 19:10:38
{INFO}  com.sverbank.main.BankMain   5)EXIT       11-Jan-2021 Monday CST 19:10:38
{INFO}  com.sverbank.main.BankMain   Please enter appropriate choice between 1-5       11-Jan-2021 Monday CST 19:10:38
{INFO}  com.sverbank.main.BankMain   Enter account number you would like to send money from)        11-Jan-2021 Monday CST 19:10:54
{INFO}  com.sverbank.main.BankMain   It is your account - passed       11-Jan-2021 Monday CST 19:10:59
{INFO}  com.sverbank.main.BankMain   Account is active - passed       11-Jan-2021 Monday CST 19:10:59
{INFO}  com.sverbank.main.BankMain   Enter recipient account number)        11-Jan-2021 Monday CST 19:10:59
{INFO}  com.sverbank.main.BankMain   How much money would you like to send       11-Jan-2021 Monday CST 19:11:07
{INFO}  com.sverbank.main.BankMain   Money send successfully. Wait fot recipient to approve transfer       11-Jan-2021 Monday CST 19:11:12
{INFO}  com.sverbank.main.BankMain   
Customer MENU       11-Jan-2021 Monday CST 19:11:12
{INFO}  com.sverbank.main.BankMain   ===========================       11-Jan-2021 Monday CST 19:11:12
{INFO}  com.sverbank.main.BankMain   1)Withdraw money       11-Jan-2021 Monday CST 19:11:12
{INFO}  com.sverbank.main.BankMain   2)Add funds       11-Jan-2021 Monday CST 19:11:12
{INFO}  com.sverbank.main.BankMain   3)Send money       11-Jan-2021 Monday CST 19:11:12
{INFO}  com.sverbank.main.BankMain   4)Receive money       11-Jan-2021 Monday CST 19:11:12
{INFO}  com.sverbank.main.BankMain   5)EXIT       11-Jan-2021 Monday CST 19:11:12
{INFO}  com.sverbank.main.BankMain   Please enter appropriate choice between 1-5       11-Jan-2021 Monday CST 19:11:12
{INFO}  com.sverbank.main.BankMain   Thank uoy for using Sverbank App V1.0. See you soon.        11-Jan-2021 Monday CST 19:14:00
{INFO}  com.sverbank.main.BankMain   MAIN MENU       11-Jan-2021 Monday CST 19:14:00
{INFO}  com.sverbank.main.BankMain   ===========================       11-Jan-2021 Monday CST 19:14:00
{INFO}  com.sverbank.main.BankMain   1)Log in to my account       11-Jan-2021 Monday CST 19:14:00
{INFO}  com.sverbank.main.BankMain   2)New Customer       11-Jan-2021 Monday CST 19:14:00
{INFO}  com.sverbank.main.BankMain   3)Employee log in       11-Jan-2021 Monday CST 19:14:00
{INFO}  com.sverbank.main.BankMain   Please enter appropriate choice between 1-3       11-Jan-2021 Monday CST 19:14:00
{INFO}  com.sverbank.main.BankMain   Customer log in page       11-Jan-2021 Monday CST 19:15:01
{INFO}  com.sverbank.main.BankMain   Enter your LOGIN       11-Jan-2021 Monday CST 19:15:01
{INFO}  com.sverbank.main.BankMain   Enter your PASSWORD       11-Jan-2021 Monday CST 19:15:04
{INFO}  com.sverbank.main.BankMain   Entered loging or password is INVALID       11-Jan-2021 Monday CST 19:15:16
{INFO}  com.sverbank.main.BankMain   MAIN MENU       11-Jan-2021 Monday CST 19:15:16
{INFO}  com.sverbank.main.BankMain   ===========================       11-Jan-2021 Monday CST 19:15:16
{INFO}  com.sverbank.main.BankMain   1)Log in to my account       11-Jan-2021 Monday CST 19:15:16
{INFO}  com.sverbank.main.BankMain   2)New Customer       11-Jan-2021 Monday CST 19:15:16
{INFO}  com.sverbank.main.BankMain   3)Employee log in       11-Jan-2021 Monday CST 19:15:16
{INFO}  com.sverbank.main.BankMain   Please enter appropriate choice between 1-3       11-Jan-2021 Monday CST 19:15:16
{INFO}  com.sverbank.main.BankMain   Customer log in page       11-Jan-2021 Monday CST 19:15:20
{INFO}  com.sverbank.main.BankMain   Enter your LOGIN       11-Jan-2021 Monday CST 19:15:20
{INFO}  com.sverbank.main.BankMain   Enter your PASSWORD       11-Jan-2021 Monday CST 19:15:28
{INFO}  com.sverbank.main.BankMain   
Hello Alisha       11-Jan-2021 Monday CST 19:15:35
{INFO}  com.sverbank.main.BankMain   
Your accounts:
       11-Jan-2021 Monday CST 19:15:35
{INFO}  com.sverbank.main.BankMain   7213068361  |  active  |  $1600.0       11-Jan-2021 Monday CST 19:15:35
{INFO}  com.sverbank.main.BankMain   
Customer MENU       11-Jan-2021 Monday CST 19:15:35
{INFO}  com.sverbank.main.BankMain   ===========================       11-Jan-2021 Monday CST 19:15:35
{INFO}  com.sverbank.main.BankMain   1)Withdraw money       11-Jan-2021 Monday CST 19:15:35
{INFO}  com.sverbank.main.BankMain   2)Add funds       11-Jan-2021 Monday CST 19:15:35
{INFO}  com.sverbank.main.BankMain   3)Send money       11-Jan-2021 Monday CST 19:15:35
{INFO}  com.sverbank.main.BankMain   4)Receive money       11-Jan-2021 Monday CST 19:15:35
{INFO}  com.sverbank.main.BankMain   5)EXIT       11-Jan-2021 Monday CST 19:15:35
{INFO}  com.sverbank.main.BankMain   Please enter appropriate choice between 1-5       11-Jan-2021 Monday CST 19:15:35
{INFO}  com.sverbank.main.BankMain   Enter your account number        11-Jan-2021 Monday CST 19:15:51
{INFO}  com.sverbank.main.BankMain   Internal error occured contact SYSADMIN        11-Jan-2021 Monday CST 19:15:53
{INFO}  com.sverbank.main.BankMain   
Customer MENU       11-Jan-2021 Monday CST 19:15:53
{INFO}  com.sverbank.main.BankMain   ===========================       11-Jan-2021 Monday CST 19:15:53
{INFO}  com.sverbank.main.BankMain   1)Withdraw money       11-Jan-2021 Monday CST 19:15:53
{INFO}  com.sverbank.main.BankMain   2)Add funds       11-Jan-2021 Monday CST 19:15:53
{INFO}  com.sverbank.main.BankMain   3)Send money       11-Jan-2021 Monday CST 19:15:53
{INFO}  com.sverbank.main.BankMain   4)Receive money       11-Jan-2021 Monday CST 19:15:53
{INFO}  com.sverbank.main.BankMain   5)EXIT       11-Jan-2021 Monday CST 19:15:53
{INFO}  com.sverbank.main.BankMain   Please enter appropriate choice between 1-5       11-Jan-2021 Monday CST 19:15:53
{INFO}  com.sverbank.main.BankMain   Welcome to Sverbank App V1.0       11-Jan-2021 Monday CST 19:16:30
{INFO}  com.sverbank.main.BankMain   ---------------------------------------       11-Jan-2021 Monday CST 19:16:30
{INFO}  com.sverbank.main.BankMain   MAIN MENU       11-Jan-2021 Monday CST 19:16:30
{INFO}  com.sverbank.main.BankMain   ===========================       11-Jan-2021 Monday CST 19:16:30
{INFO}  com.sverbank.main.BankMain   1)Log in to my account       11-Jan-2021 Monday CST 19:16:30
{INFO}  com.sverbank.main.BankMain   2)New Customer       11-Jan-2021 Monday CST 19:16:30
{INFO}  com.sverbank.main.BankMain   3)Employee log in       11-Jan-2021 Monday CST 19:16:30
{INFO}  com.sverbank.main.BankMain   Please enter appropriate choice between 1-3       11-Jan-2021 Monday CST 19:16:30
{INFO}  com.sverbank.main.BankMain   Customer log in page       11-Jan-2021 Monday CST 19:16:34
{INFO}  com.sverbank.main.BankMain   Enter your LOGIN       11-Jan-2021 Monday CST 19:16:34
{INFO}  com.sverbank.main.BankMain   Enter your PASSWORD       11-Jan-2021 Monday CST 19:16:36
{INFO}  com.sverbank.main.BankMain   
Hello Alisha       11-Jan-2021 Monday CST 19:16:39
{INFO}  com.sverbank.main.BankMain   
Your accounts:
       11-Jan-2021 Monday CST 19:16:39
{INFO}  com.sverbank.main.BankMain   7213068361  |  active  |  $1600.0       11-Jan-2021 Monday CST 19:16:39
{INFO}  com.sverbank.main.BankMain   
Customer MENU       11-Jan-2021 Monday CST 19:16:39
{INFO}  com.sverbank.main.BankMain   ===========================       11-Jan-2021 Monday CST 19:16:39
{INFO}  com.sverbank.main.BankMain   1)Withdraw money       11-Jan-2021 Monday CST 19:16:39
{INFO}  com.sverbank.main.BankMain   2)Add funds       11-Jan-2021 Monday CST 19:16:39
{INFO}  com.sverbank.main.BankMain   3)Send money       11-Jan-2021 Monday CST 19:16:39
{INFO}  com.sverbank.main.BankMain   4)Receive money       11-Jan-2021 Monday CST 19:16:39
{INFO}  com.sverbank.main.BankMain   5)EXIT       11-Jan-2021 Monday CST 19:16:39
{INFO}  com.sverbank.main.BankMain   Please enter appropriate choice between 1-5       11-Jan-2021 Monday CST 19:16:39
{INFO}  com.sverbank.main.BankMain   
Customer MENU       11-Jan-2021 Monday CST 19:16:44
{INFO}  com.sverbank.main.BankMain   ===========================       11-Jan-2021 Monday CST 19:16:44
{INFO}  com.sverbank.main.BankMain   1)Withdraw money       11-Jan-2021 Monday CST 19:16:44
{INFO}  com.sverbank.main.BankMain   2)Add funds       11-Jan-2021 Monday CST 19:16:44
{INFO}  com.sverbank.main.BankMain   3)Send money       11-Jan-2021 Monday CST 19:16:44
{INFO}  com.sverbank.main.BankMain   4)Receive money       11-Jan-2021 Monday CST 19:16:44
{INFO}  com.sverbank.main.BankMain   5)EXIT       11-Jan-2021 Monday CST 19:16:44
{INFO}  com.sverbank.main.BankMain   Please enter appropriate choice between 1-5       11-Jan-2021 Monday CST 19:16:44
{INFO}  com.sverbank.main.BankMain   Enter account number you would like to send money from)        11-Jan-2021 Monday CST 19:16:52
{INFO}  com.sverbank.main.BankMain   Wrong account number       11-Jan-2021 Monday CST 19:16:59
{INFO}  com.sverbank.main.BankMain   MAIN MENU       11-Jan-2021 Monday CST 19:16:59
{INFO}  com.sverbank.main.BankMain   ===========================       11-Jan-2021 Monday CST 19:16:59
{INFO}  com.sverbank.main.BankMain   1)Log in to my account       11-Jan-2021 Monday CST 19:16:59
{INFO}  com.sverbank.main.BankMain   2)New Customer       11-Jan-2021 Monday CST 19:16:59
{INFO}  com.sverbank.main.BankMain   3)Employee log in       11-Jan-2021 Monday CST 19:16:59
{INFO}  com.sverbank.main.BankMain   Please enter appropriate choice between 1-3       11-Jan-2021 Monday CST 19:16:59
{INFO}  com.sverbank.main.BankMain   Customer log in page       11-Jan-2021 Monday CST 19:18:59
{INFO}  com.sverbank.main.BankMain   Enter your LOGIN       11-Jan-2021 Monday CST 19:18:59
{INFO}  com.sverbank.main.BankMain   Enter your PASSWORD       11-Jan-2021 Monday CST 19:19:04
{INFO}  com.sverbank.main.BankMain   
Hello Alisha       11-Jan-2021 Monday CST 19:19:09
{INFO}  com.sverbank.main.BankMain   
Your accounts:
       11-Jan-2021 Monday CST 19:19:09
{INFO}  com.sverbank.main.BankMain   7213068361  |  active  |  $1600.0       11-Jan-2021 Monday CST 19:19:09
{INFO}  com.sverbank.main.BankMain   
Customer MENU       11-Jan-2021 Monday CST 19:19:09
{INFO}  com.sverbank.main.BankMain   ===========================       11-Jan-2021 Monday CST 19:19:09
{INFO}  com.sverbank.main.BankMain   1)Withdraw money       11-Jan-2021 Monday CST 19:19:09
{INFO}  com.sverbank.main.BankMain   2)Add funds       11-Jan-2021 Monday CST 19:19:09
{INFO}  com.sverbank.main.BankMain   3)Send money       11-Jan-2021 Monday CST 19:19:09
{INFO}  com.sverbank.main.BankMain   4)Receive money       11-Jan-2021 Monday CST 19:19:09
{INFO}  com.sverbank.main.BankMain   5)EXIT       11-Jan-2021 Monday CST 19:19:09
{INFO}  com.sverbank.main.BankMain   Please enter appropriate choice between 1-5       11-Jan-2021 Monday CST 19:19:09
{INFO}  com.sverbank.main.BankMain   Enter your account number        11-Jan-2021 Monday CST 19:19:30
{INFO}  com.sverbank.main.BankMain   Internal error occured contact SYSADMIN        11-Jan-2021 Monday CST 19:19:35
{INFO}  com.sverbank.main.BankMain   
Customer MENU       11-Jan-2021 Monday CST 19:19:35
{INFO}  com.sverbank.main.BankMain   ===========================       11-Jan-2021 Monday CST 19:19:35
{INFO}  com.sverbank.main.BankMain   1)Withdraw money       11-Jan-2021 Monday CST 19:19:35
{INFO}  com.sverbank.main.BankMain   2)Add funds       11-Jan-2021 Monday CST 19:19:35
{INFO}  com.sverbank.main.BankMain   3)Send money       11-Jan-2021 Monday CST 19:19:35
{INFO}  com.sverbank.main.BankMain   4)Receive money       11-Jan-2021 Monday CST 19:19:35
{INFO}  com.sverbank.main.BankMain   5)EXIT       11-Jan-2021 Monday CST 19:19:35
{INFO}  com.sverbank.main.BankMain   Please enter appropriate choice between 1-5       11-Jan-2021 Monday CST 19:19:35
{INFO}  com.sverbank.main.BankMain   Welcome to Sverbank App V1.0       11-Jan-2021 Monday CST 19:21:13
{INFO}  com.sverbank.main.BankMain   ---------------------------------------       11-Jan-2021 Monday CST 19:21:13
{INFO}  com.sverbank.main.BankMain   MAIN MENU       11-Jan-2021 Monday CST 19:21:13
{INFO}  com.sverbank.main.BankMain   ===========================       11-Jan-2021 Monday CST 19:21:13
{INFO}  com.sverbank.main.BankMain   1)Log in to my account       11-Jan-2021 Monday CST 19:21:13
{INFO}  com.sverbank.main.BankMain   2)New Customer       11-Jan-2021 Monday CST 19:21:13
{INFO}  com.sverbank.main.BankMain   3)Employee log in       11-Jan-2021 Monday CST 19:21:13
{INFO}  com.sverbank.main.BankMain   Please enter appropriate choice between 1-3       11-Jan-2021 Monday CST 19:21:13
{INFO}  com.sverbank.main.BankMain   Customer log in page       11-Jan-2021 Monday CST 19:21:16
{INFO}  com.sverbank.main.BankMain   Enter your LOGIN       11-Jan-2021 Monday CST 19:21:16
{INFO}  com.sverbank.main.BankMain   Enter your PASSWORD       11-Jan-2021 Monday CST 19:21:23
{INFO}  com.sverbank.main.BankMain   Entered loging or password is INVALID       11-Jan-2021 Monday CST 19:21:28
{INFO}  com.sverbank.main.BankMain   MAIN MENU       11-Jan-2021 Monday CST 19:21:28
{INFO}  com.sverbank.main.BankMain   ===========================       11-Jan-2021 Monday CST 19:21:28
{INFO}  com.sverbank.main.BankMain   1)Log in to my account       11-Jan-2021 Monday CST 19:21:28
{INFO}  com.sverbank.main.BankMain   2)New Customer       11-Jan-2021 Monday CST 19:21:28
{INFO}  com.sverbank.main.BankMain   3)Employee log in       11-Jan-2021 Monday CST 19:21:28
{INFO}  com.sverbank.main.BankMain   Please enter appropriate choice between 1-3       11-Jan-2021 Monday CST 19:21:28
{INFO}  com.sverbank.main.BankMain   Customer log in page       11-Jan-2021 Monday CST 19:21:34
{INFO}  com.sverbank.main.BankMain   Enter your LOGIN       11-Jan-2021 Monday CST 19:21:34
{INFO}  com.sverbank.main.BankMain   Enter your PASSWORD       11-Jan-2021 Monday CST 19:21:37
{INFO}  com.sverbank.main.BankMain   
Hello Alisha       11-Jan-2021 Monday CST 19:21:41
{INFO}  com.sverbank.main.BankMain   
Your accounts:
       11-Jan-2021 Monday CST 19:21:41
{INFO}  com.sverbank.main.BankMain   7213068361  |  active  |  $1600.0       11-Jan-2021 Monday CST 19:21:41
{INFO}  com.sverbank.main.BankMain   
Customer MENU       11-Jan-2021 Monday CST 19:21:41
{INFO}  com.sverbank.main.BankMain   ===========================       11-Jan-2021 Monday CST 19:21:41
{INFO}  com.sverbank.main.BankMain   1)Withdraw money       11-Jan-2021 Monday CST 19:21:41
{INFO}  com.sverbank.main.BankMain   2)Add funds       11-Jan-2021 Monday CST 19:21:41
{INFO}  com.sverbank.main.BankMain   3)Send money       11-Jan-2021 Monday CST 19:21:41
{INFO}  com.sverbank.main.BankMain   4)Receive money       11-Jan-2021 Monday CST 19:21:41
{INFO}  com.sverbank.main.BankMain   5)EXIT       11-Jan-2021 Monday CST 19:21:41
{INFO}  com.sverbank.main.BankMain   Please enter appropriate choice between 1-5       11-Jan-2021 Monday CST 19:21:41
{INFO}  com.sverbank.main.BankMain   Enter your account number        11-Jan-2021 Monday CST 19:22:00
{INFO}  com.sverbank.main.BankMain   Internal error occured contact SYSADMIN        11-Jan-2021 Monday CST 19:22:03
{INFO}  com.sverbank.main.BankMain   
Customer MENU       11-Jan-2021 Monday CST 19:22:03
{INFO}  com.sverbank.main.BankMain   ===========================       11-Jan-2021 Monday CST 19:22:03
{INFO}  com.sverbank.main.BankMain   1)Withdraw money       11-Jan-2021 Monday CST 19:22:03
{INFO}  com.sverbank.main.BankMain   2)Add funds       11-Jan-2021 Monday CST 19:22:03
{INFO}  com.sverbank.main.BankMain   3)Send money       11-Jan-2021 Monday CST 19:22:03
{INFO}  com.sverbank.main.BankMain   4)Receive money       11-Jan-2021 Monday CST 19:22:03
{INFO}  com.sverbank.main.BankMain   5)EXIT       11-Jan-2021 Monday CST 19:22:03
{INFO}  com.sverbank.main.BankMain   Please enter appropriate choice between 1-5       11-Jan-2021 Monday CST 19:22:03
{INFO}  com.sverbank.main.BankMain   Welcome to Sverbank App V1.0       11-Jan-2021 Monday CST 19:24:21
{INFO}  com.sverbank.main.BankMain   ---------------------------------------       11-Jan-2021 Monday CST 19:24:21
{INFO}  com.sverbank.main.BankMain   MAIN MENU       11-Jan-2021 Monday CST 19:24:21
{INFO}  com.sverbank.main.BankMain   ===========================       11-Jan-2021 Monday CST 19:24:21
{INFO}  com.sverbank.main.BankMain   1)Log in to my account       11-Jan-2021 Monday CST 19:24:21
{INFO}  com.sverbank.main.BankMain   2)New Customer       11-Jan-2021 Monday CST 19:24:21
{INFO}  com.sverbank.main.BankMain   3)Employee log in       11-Jan-2021 Monday CST 19:24:21
{INFO}  com.sverbank.main.BankMain   Please enter appropriate choice between 1-3       11-Jan-2021 Monday CST 19:24:21
{INFO}  com.sverbank.main.BankMain   Customer log in page       11-Jan-2021 Monday CST 19:24:24
{INFO}  com.sverbank.main.BankMain   Enter your LOGIN       11-Jan-2021 Monday CST 19:24:24
{INFO}  com.sverbank.main.BankMain   Enter your PASSWORD       11-Jan-2021 Monday CST 19:24:32
{INFO}  com.sverbank.main.BankMain   
Hello Alisha       11-Jan-2021 Monday CST 19:24:36
{INFO}  com.sverbank.main.BankMain   
Your accounts:
       11-Jan-2021 Monday CST 19:24:36
{INFO}  com.sverbank.main.BankMain   7213068361  |  active  |  $1600.0       11-Jan-2021 Monday CST 19:24:36
{INFO}  com.sverbank.main.BankMain   
Customer MENU       11-Jan-2021 Monday CST 19:24:36
{INFO}  com.sverbank.main.BankMain   ===========================       11-Jan-2021 Monday CST 19:24:36
{INFO}  com.sverbank.main.BankMain   1)Withdraw money       11-Jan-2021 Monday CST 19:24:36
{INFO}  com.sverbank.main.BankMain   2)Add funds       11-Jan-2021 Monday CST 19:24:36
{INFO}  com.sverbank.main.BankMain   3)Send money       11-Jan-2021 Monday CST 19:24:36
{INFO}  com.sverbank.main.BankMain   4)Receive money       11-Jan-2021 Monday CST 19:24:36
{INFO}  com.sverbank.main.BankMain   5)EXIT       11-Jan-2021 Monday CST 19:24:36
{INFO}  com.sverbank.main.BankMain   Please enter appropriate choice between 1-5       11-Jan-2021 Monday CST 19:24:36
{INFO}  com.sverbank.main.BankMain   Enter your account number        11-Jan-2021 Monday CST 19:24:41
{INFO}  com.sverbank.main.BankMain   Internal error occured contact SYSADMIN        11-Jan-2021 Monday CST 19:24:48
{INFO}  com.sverbank.main.BankMain   
Customer MENU       11-Jan-2021 Monday CST 19:24:48
{INFO}  com.sverbank.main.BankMain   ===========================       11-Jan-2021 Monday CST 19:24:48
{INFO}  com.sverbank.main.BankMain   1)Withdraw money       11-Jan-2021 Monday CST 19:24:48
{INFO}  com.sverbank.main.BankMain   2)Add funds       11-Jan-2021 Monday CST 19:24:48
{INFO}  com.sverbank.main.BankMain   3)Send money       11-Jan-2021 Monday CST 19:24:48
{INFO}  com.sverbank.main.BankMain   4)Receive money       11-Jan-2021 Monday CST 19:24:48
{INFO}  com.sverbank.main.BankMain   5)EXIT       11-Jan-2021 Monday CST 19:24:48
{INFO}  com.sverbank.main.BankMain   Please enter appropriate choice between 1-5       11-Jan-2021 Monday CST 19:24:48
{INFO}  com.sverbank.main.BankMain   Welcome to Sverbank App V1.0       11-Jan-2021 Monday CST 19:30:35
{INFO}  com.sverbank.main.BankMain   ---------------------------------------       11-Jan-2021 Monday CST 19:30:35
{INFO}  com.sverbank.main.BankMain   MAIN MENU       11-Jan-2021 Monday CST 19:30:35
{INFO}  com.sverbank.main.BankMain   ===========================       11-Jan-2021 Monday CST 19:30:35
{INFO}  com.sverbank.main.BankMain   1)Log in to my account       11-Jan-2021 Monday CST 19:30:35
{INFO}  com.sverbank.main.BankMain   2)New Customer       11-Jan-2021 Monday CST 19:30:35
{INFO}  com.sverbank.main.BankMain   3)Employee log in       11-Jan-2021 Monday CST 19:30:35
{INFO}  com.sverbank.main.BankMain   Please enter appropriate choice between 1-3       11-Jan-2021 Monday CST 19:30:35
{INFO}  com.sverbank.main.BankMain   Customer log in page       11-Jan-2021 Monday CST 19:30:40
{INFO}  com.sverbank.main.BankMain   Enter your LOGIN       11-Jan-2021 Monday CST 19:30:40
{INFO}  com.sverbank.main.BankMain   Enter your PASSWORD       11-Jan-2021 Monday CST 19:30:46
{INFO}  com.sverbank.main.BankMain   
Hello Alisha       11-Jan-2021 Monday CST 19:30:49
{INFO}  com.sverbank.main.BankMain   
Your accounts:
       11-Jan-2021 Monday CST 19:30:49
{INFO}  com.sverbank.main.BankMain   7213068361  |  active  |  $1600.0       11-Jan-2021 Monday CST 19:30:49
{INFO}  com.sverbank.main.BankMain   
Customer MENU       11-Jan-2021 Monday CST 19:30:49
{INFO}  com.sverbank.main.BankMain   ===========================       11-Jan-2021 Monday CST 19:30:49
{INFO}  com.sverbank.main.BankMain   1)Withdraw money       11-Jan-2021 Monday CST 19:30:49
{INFO}  com.sverbank.main.BankMain   2)Add funds       11-Jan-2021 Monday CST 19:30:49
{INFO}  com.sverbank.main.BankMain   3)Send money       11-Jan-2021 Monday CST 19:30:49
{INFO}  com.sverbank.main.BankMain   4)Receive money       11-Jan-2021 Monday CST 19:30:49
{INFO}  com.sverbank.main.BankMain   5)EXIT       11-Jan-2021 Monday CST 19:30:49
{INFO}  com.sverbank.main.BankMain   Please enter appropriate choice between 1-5       11-Jan-2021 Monday CST 19:30:49
{INFO}  com.sverbank.main.BankMain   Enter your account number        11-Jan-2021 Monday CST 19:31:10
{INFO}  com.sverbank.main.BankMain   Internal error occured contact SYSADMIN        11-Jan-2021 Monday CST 19:31:13
{INFO}  com.sverbank.main.BankMain   
Customer MENU       11-Jan-2021 Monday CST 19:31:13
{INFO}  com.sverbank.main.BankMain   ===========================       11-Jan-2021 Monday CST 19:31:13
{INFO}  com.sverbank.main.BankMain   1)Withdraw money       11-Jan-2021 Monday CST 19:31:13
{INFO}  com.sverbank.main.BankMain   2)Add funds       11-Jan-2021 Monday CST 19:31:13
{INFO}  com.sverbank.main.BankMain   3)Send money       11-Jan-2021 Monday CST 19:31:13
{INFO}  com.sverbank.main.BankMain   4)Receive money       11-Jan-2021 Monday CST 19:31:13
{INFO}  com.sverbank.main.BankMain   5)EXIT       11-Jan-2021 Monday CST 19:31:13
{INFO}  com.sverbank.main.BankMain   Please enter appropriate choice between 1-5       11-Jan-2021 Monday CST 19:31:13
{INFO}  com.sverbank.main.BankMain   Welcome to Sverbank App V1.0       11-Jan-2021 Monday CST 19:32:48
{INFO}  com.sverbank.main.BankMain   ---------------------------------------       11-Jan-2021 Monday CST 19:32:48
{INFO}  com.sverbank.main.BankMain   MAIN MENU       11-Jan-2021 Monday CST 19:32:48
{INFO}  com.sverbank.main.BankMain   ===========================       11-Jan-2021 Monday CST 19:32:48
{INFO}  com.sverbank.main.BankMain   1)Log in to my account       11-Jan-2021 Monday CST 19:32:48
{INFO}  com.sverbank.main.BankMain   2)New Customer       11-Jan-2021 Monday CST 19:32:48
{INFO}  com.sverbank.main.BankMain   3)Employee log in       11-Jan-2021 Monday CST 19:32:48
{INFO}  com.sverbank.main.BankMain   Please enter appropriate choice between 1-3       11-Jan-2021 Monday CST 19:32:48
{INFO}  com.sverbank.main.BankMain   Customer log in page       11-Jan-2021 Monday CST 19:32:52
{INFO}  com.sverbank.main.BankMain   Enter your LOGIN       11-Jan-2021 Monday CST 19:32:52
{INFO}  com.sverbank.main.BankMain   Enter your PASSWORD       11-Jan-2021 Monday CST 19:32:55
{INFO}  com.sverbank.main.BankMain   
Hello Alisha       11-Jan-2021 Monday CST 19:33:00
{INFO}  com.sverbank.main.BankMain   
Your accounts:
       11-Jan-2021 Monday CST 19:33:00
{INFO}  com.sverbank.main.BankMain   7213068361  |  active  |  $1600.0       11-Jan-2021 Monday CST 19:33:00
{INFO}  com.sverbank.main.BankMain   
Customer MENU       11-Jan-2021 Monday CST 19:33:00
{INFO}  com.sverbank.main.BankMain   ===========================       11-Jan-2021 Monday CST 19:33:00
{INFO}  com.sverbank.main.BankMain   1)Withdraw money       11-Jan-2021 Monday CST 19:33:00
{INFO}  com.sverbank.main.BankMain   2)Add funds       11-Jan-2021 Monday CST 19:33:00
{INFO}  com.sverbank.main.BankMain   3)Send money       11-Jan-2021 Monday CST 19:33:00
{INFO}  com.sverbank.main.BankMain   4)Receive money       11-Jan-2021 Monday CST 19:33:00
{INFO}  com.sverbank.main.BankMain   5)EXIT       11-Jan-2021 Monday CST 19:33:00
{INFO}  com.sverbank.main.BankMain   Please enter appropriate choice between 1-5       11-Jan-2021 Monday CST 19:33:00
{INFO}  com.sverbank.main.BankMain   Enter your account number        11-Jan-2021 Monday CST 19:33:04
{INFO}  com.sverbank.main.BankMain   Player Id cannot be special characters or symbols or white spaces it is numeric       11-Jan-2021 Monday CST 19:33:06
{INFO}  com.sverbank.main.BankMain   MAIN MENU       11-Jan-2021 Monday CST 19:33:06
{INFO}  com.sverbank.main.BankMain   ===========================       11-Jan-2021 Monday CST 19:33:06
{INFO}  com.sverbank.main.BankMain   1)Log in to my account       11-Jan-2021 Monday CST 19:33:06
{INFO}  com.sverbank.main.BankMain   2)New Customer       11-Jan-2021 Monday CST 19:33:06
{INFO}  com.sverbank.main.BankMain   3)Employee log in       11-Jan-2021 Monday CST 19:33:06
{INFO}  com.sverbank.main.BankMain   Please enter appropriate choice between 1-3       11-Jan-2021 Monday CST 19:33:06
{INFO}  com.sverbank.main.BankMain   Customer log in page       11-Jan-2021 Monday CST 19:33:26
{INFO}  com.sverbank.main.BankMain   Enter your LOGIN       11-Jan-2021 Monday CST 19:33:26
{INFO}  com.sverbank.main.BankMain   Enter your PASSWORD       11-Jan-2021 Monday CST 19:33:34
{INFO}  com.sverbank.main.BankMain   
Hello Alisha       11-Jan-2021 Monday CST 19:33:38
{INFO}  com.sverbank.main.BankMain   
Your accounts:
       11-Jan-2021 Monday CST 19:33:38
{INFO}  com.sverbank.main.BankMain   7213068361  |  active  |  $1600.0       11-Jan-2021 Monday CST 19:33:38
{INFO}  com.sverbank.main.BankMain   
Customer MENU       11-Jan-2021 Monday CST 19:33:38
{INFO}  com.sverbank.main.BankMain   ===========================       11-Jan-2021 Monday CST 19:33:38
{INFO}  com.sverbank.main.BankMain   1)Withdraw money       11-Jan-2021 Monday CST 19:33:38
{INFO}  com.sverbank.main.BankMain   2)Add funds       11-Jan-2021 Monday CST 19:33:38
{INFO}  com.sverbank.main.BankMain   3)Send money       11-Jan-2021 Monday CST 19:33:38
{INFO}  com.sverbank.main.BankMain   4)Receive money       11-Jan-2021 Monday CST 19:33:38
{INFO}  com.sverbank.main.BankMain   5)EXIT       11-Jan-2021 Monday CST 19:33:38
{INFO}  com.sverbank.main.BankMain   Please enter appropriate choice between 1-5       11-Jan-2021 Monday CST 19:33:38
{INFO}  com.sverbank.main.BankMain   Enter your account number        11-Jan-2021 Monday CST 19:33:46
{INFO}  com.sverbank.main.BankMain   Internal error occured contact SYSADMIN        11-Jan-2021 Monday CST 19:33:48
{INFO}  com.sverbank.main.BankMain   
Customer MENU       11-Jan-2021 Monday CST 19:33:48
{INFO}  com.sverbank.main.BankMain   ===========================       11-Jan-2021 Monday CST 19:33:48
{INFO}  com.sverbank.main.BankMain   1)Withdraw money       11-Jan-2021 Monday CST 19:33:48
{INFO}  com.sverbank.main.BankMain   2)Add funds       11-Jan-2021 Monday CST 19:33:48
{INFO}  com.sverbank.main.BankMain   3)Send money       11-Jan-2021 Monday CST 19:33:48
{INFO}  com.sverbank.main.BankMain   4)Receive money       11-Jan-2021 Monday CST 19:33:48
{INFO}  com.sverbank.main.BankMain   5)EXIT       11-Jan-2021 Monday CST 19:33:48
{INFO}  com.sverbank.main.BankMain   Please enter appropriate choice between 1-5       11-Jan-2021 Monday CST 19:33:48
{INFO}  com.sverbank.main.BankMain   Welcome to Sverbank App V1.0       11-Jan-2021 Monday CST 19:42:49
{INFO}  com.sverbank.main.BankMain   ---------------------------------------       11-Jan-2021 Monday CST 19:42:49
{INFO}  com.sverbank.main.BankMain   MAIN MENU       11-Jan-2021 Monday CST 19:42:49
{INFO}  com.sverbank.main.BankMain   ===========================       11-Jan-2021 Monday CST 19:42:49
{INFO}  com.sverbank.main.BankMain   1)Log in to my account       11-Jan-2021 Monday CST 19:42:49
{INFO}  com.sverbank.main.BankMain   2)New Customer       11-Jan-2021 Monday CST 19:42:49
{INFO}  com.sverbank.main.BankMain   3)Employee log in       11-Jan-2021 Monday CST 19:42:49
{INFO}  com.sverbank.main.BankMain   Please enter appropriate choice between 1-3       11-Jan-2021 Monday CST 19:42:49
{INFO}  com.sverbank.main.BankMain   Customer log in page       11-Jan-2021 Monday CST 19:42:53
{INFO}  com.sverbank.main.BankMain   Enter your LOGIN       11-Jan-2021 Monday CST 19:42:53
{INFO}  com.sverbank.main.BankMain   Enter your PASSWORD       11-Jan-2021 Monday CST 19:43:01
{INFO}  com.sverbank.main.BankMain   
Hello Alisha       11-Jan-2021 Monday CST 19:43:05
{INFO}  com.sverbank.main.BankMain   
Your accounts:
       11-Jan-2021 Monday CST 19:43:05
{INFO}  com.sverbank.main.BankMain   7213068361  |  active  |  $1600.0       11-Jan-2021 Monday CST 19:43:05
{INFO}  com.sverbank.main.BankMain   
Customer MENU       11-Jan-2021 Monday CST 19:43:05
{INFO}  com.sverbank.main.BankMain   ===========================       11-Jan-2021 Monday CST 19:43:05
{INFO}  com.sverbank.main.BankMain   1)Withdraw money       11-Jan-2021 Monday CST 19:43:05
{INFO}  com.sverbank.main.BankMain   2)Add funds       11-Jan-2021 Monday CST 19:43:05
{INFO}  com.sverbank.main.BankMain   3)Send money       11-Jan-2021 Monday CST 19:43:05
{INFO}  com.sverbank.main.BankMain   4)Receive money       11-Jan-2021 Monday CST 19:43:05
{INFO}  com.sverbank.main.BankMain   5)EXIT       11-Jan-2021 Monday CST 19:43:05
{INFO}  com.sverbank.main.BankMain   Please enter appropriate choice between 1-5       11-Jan-2021 Monday CST 19:43:05
{INFO}  com.sverbank.main.BankMain   Enter your account number        11-Jan-2021 Monday CST 19:43:08
{INFO}  com.sverbank.main.BankMain   Internal error occured contact SYSADMIN        11-Jan-2021 Monday CST 19:43:22
{INFO}  com.sverbank.main.BankMain   
Customer MENU       11-Jan-2021 Monday CST 19:43:22
{INFO}  com.sverbank.main.BankMain   ===========================       11-Jan-2021 Monday CST 19:43:22
{INFO}  com.sverbank.main.BankMain   1)Withdraw money       11-Jan-2021 Monday CST 19:43:22
{INFO}  com.sverbank.main.BankMain   2)Add funds       11-Jan-2021 Monday CST 19:43:22
{INFO}  com.sverbank.main.BankMain   3)Send money       11-Jan-2021 Monday CST 19:43:22
{INFO}  com.sverbank.main.BankMain   4)Receive money       11-Jan-2021 Monday CST 19:43:22
{INFO}  com.sverbank.main.BankMain   5)EXIT       11-Jan-2021 Monday CST 19:43:22
{INFO}  com.sverbank.main.BankMain   Please enter appropriate choice between 1-5       11-Jan-2021 Monday CST 19:43:22
{INFO}  com.sverbank.main.BankMain   Welcome to Sverbank App V1.0       11-Jan-2021 Monday CST 19:44:01
{INFO}  com.sverbank.main.BankMain   ---------------------------------------       11-Jan-2021 Monday CST 19:44:01
{INFO}  com.sverbank.main.BankMain   MAIN MENU       11-Jan-2021 Monday CST 19:44:01
{INFO}  com.sverbank.main.BankMain   ===========================       11-Jan-2021 Monday CST 19:44:01
{INFO}  com.sverbank.main.BankMain   1)Log in to my account       11-Jan-2021 Monday CST 19:44:01
{INFO}  com.sverbank.main.BankMain   2)New Customer       11-Jan-2021 Monday CST 19:44:01
{INFO}  com.sverbank.main.BankMain   3)Employee log in       11-Jan-2021 Monday CST 19:44:01
{INFO}  com.sverbank.main.BankMain   Please enter appropriate choice between 1-3       11-Jan-2021 Monday CST 19:44:01
{INFO}  com.sverbank.main.BankMain   Customer log in page       11-Jan-2021 Monday CST 19:44:05
{INFO}  com.sverbank.main.BankMain   Enter your LOGIN       11-Jan-2021 Monday CST 19:44:05
{INFO}  com.sverbank.main.BankMain   Enter your PASSWORD       11-Jan-2021 Monday CST 19:44:08
{INFO}  com.sverbank.main.BankMain   
Hello Alisha       11-Jan-2021 Monday CST 19:44:10
{INFO}  com.sverbank.main.BankMain   
Your accounts:
       11-Jan-2021 Monday CST 19:44:10
{INFO}  com.sverbank.main.BankMain   7213068361  |  active  |  $1600.0       11-Jan-2021 Monday CST 19:44:10
{INFO}  com.sverbank.main.BankMain   
Customer MENU       11-Jan-2021 Monday CST 19:44:10
{INFO}  com.sverbank.main.BankMain   ===========================       11-Jan-2021 Monday CST 19:44:10
{INFO}  com.sverbank.main.BankMain   1)Withdraw money       11-Jan-2021 Monday CST 19:44:10
{INFO}  com.sverbank.main.BankMain   2)Add funds       11-Jan-2021 Monday CST 19:44:10
{INFO}  com.sverbank.main.BankMain   3)Send money       11-Jan-2021 Monday CST 19:44:10
{INFO}  com.sverbank.main.BankMain   4)Receive money       11-Jan-2021 Monday CST 19:44:10
{INFO}  com.sverbank.main.BankMain   5)EXIT       11-Jan-2021 Monday CST 19:44:10
{INFO}  com.sverbank.main.BankMain   Please enter appropriate choice between 1-5       11-Jan-2021 Monday CST 19:44:10
{INFO}  com.sverbank.main.BankMain   Enter your account number        11-Jan-2021 Monday CST 19:44:20
{INFO}  com.sverbank.main.BankMain   
Your awaiting trunsfers       11-Jan-2021 Monday CST 19:44:23
{INFO}  com.sverbank.main.BankMain   id: 1 | from: 6930591909 | $300.0 | on 2021-01-11       11-Jan-2021 Monday CST 19:44:23
{INFO}  com.sverbank.main.BankMain   Choose 1, 2 or 3       11-Jan-2021 Monday CST 19:44:23
{INFO}  com.sverbank.main.BankMain   ===========================       11-Jan-2021 Monday CST 19:44:23
{INFO}  com.sverbank.main.BankMain   1)Accept transfer       11-Jan-2021 Monday CST 19:44:23
{INFO}  com.sverbank.main.BankMain   2)Decline trunsfer       11-Jan-2021 Monday CST 19:44:23
{INFO}  com.sverbank.main.BankMain   3)Exit /To netx transfer       11-Jan-2021 Monday CST 19:44:23
{INFO}  com.sverbank.main.BankMain   Internal error occured contact SYSADMIN        11-Jan-2021 Monday CST 19:44:53
{INFO}  com.sverbank.main.BankMain   
Customer MENU       11-Jan-2021 Monday CST 19:44:53
{INFO}  com.sverbank.main.BankMain   ===========================       11-Jan-2021 Monday CST 19:44:53
{INFO}  com.sverbank.main.BankMain   1)Withdraw money       11-Jan-2021 Monday CST 19:44:53
{INFO}  com.sverbank.main.BankMain   2)Add funds       11-Jan-2021 Monday CST 19:44:53
{INFO}  com.sverbank.main.BankMain   3)Send money       11-Jan-2021 Monday CST 19:44:53
{INFO}  com.sverbank.main.BankMain   4)Receive money       11-Jan-2021 Monday CST 19:44:53
{INFO}  com.sverbank.main.BankMain   5)EXIT       11-Jan-2021 Monday CST 19:44:53
{INFO}  com.sverbank.main.BankMain   Please enter appropriate choice between 1-5       11-Jan-2021 Monday CST 19:44:53
{INFO}  com.sverbank.main.BankMain   Welcome to Sverbank App V1.0       11-Jan-2021 Monday CST 19:52:46
{INFO}  com.sverbank.main.BankMain   ---------------------------------------       11-Jan-2021 Monday CST 19:52:46
{INFO}  com.sverbank.main.BankMain   MAIN MENU       11-Jan-2021 Monday CST 19:52:46
{INFO}  com.sverbank.main.BankMain   ===========================       11-Jan-2021 Monday CST 19:52:46
{INFO}  com.sverbank.main.BankMain   1)Log in to my account       11-Jan-2021 Monday CST 19:52:46
{INFO}  com.sverbank.main.BankMain   2)New Customer       11-Jan-2021 Monday CST 19:52:46
{INFO}  com.sverbank.main.BankMain   3)Employee log in       11-Jan-2021 Monday CST 19:52:46
{INFO}  com.sverbank.main.BankMain   Please enter appropriate choice between 1-3       11-Jan-2021 Monday CST 19:52:46
{INFO}  com.sverbank.main.BankMain   Customer log in page       11-Jan-2021 Monday CST 19:53:06
{INFO}  com.sverbank.main.BankMain   Enter your LOGIN       11-Jan-2021 Monday CST 19:53:06
{INFO}  com.sverbank.main.BankMain   Enter your PASSWORD       11-Jan-2021 Monday CST 19:53:10
{INFO}  com.sverbank.main.BankMain   
Hello Alisha       11-Jan-2021 Monday CST 19:53:13
{INFO}  com.sverbank.main.BankMain   
Your accounts:
       11-Jan-2021 Monday CST 19:53:13
{INFO}  com.sverbank.main.BankMain   7213068361  |  active  |  $1600.0       11-Jan-2021 Monday CST 19:53:13
{INFO}  com.sverbank.main.BankMain   
Customer MENU       11-Jan-2021 Monday CST 19:53:13
{INFO}  com.sverbank.main.BankMain   ===========================       11-Jan-2021 Monday CST 19:53:13
{INFO}  com.sverbank.main.BankMain   1)Withdraw money       11-Jan-2021 Monday CST 19:53:13
{INFO}  com.sverbank.main.BankMain   2)Add funds       11-Jan-2021 Monday CST 19:53:13
{INFO}  com.sverbank.main.BankMain   3)Send money       11-Jan-2021 Monday CST 19:53:13
{INFO}  com.sverbank.main.BankMain   4)Receive money       11-Jan-2021 Monday CST 19:53:13
{INFO}  com.sverbank.main.BankMain   5)EXIT       11-Jan-2021 Monday CST 19:53:13
{INFO}  com.sverbank.main.BankMain   Please enter appropriate choice between 1-5       11-Jan-2021 Monday CST 19:53:13
{INFO}  com.sverbank.main.BankMain   Enter your account number        11-Jan-2021 Monday CST 19:53:17
{INFO}  com.sverbank.main.BankMain   
Your awaiting trunsfers       11-Jan-2021 Monday CST 19:53:30
{INFO}  com.sverbank.main.BankMain   id: 1 | from: 6930591909 | $300.0 | on 2021-01-11       11-Jan-2021 Monday CST 19:53:30
{INFO}  com.sverbank.main.BankMain   Choose 1, 2 or 3       11-Jan-2021 Monday CST 19:53:30
{INFO}  com.sverbank.main.BankMain   ===========================       11-Jan-2021 Monday CST 19:53:30
{INFO}  com.sverbank.main.BankMain   1)Accept transfer       11-Jan-2021 Monday CST 19:53:30
{INFO}  com.sverbank.main.BankMain   2)Decline trunsfer       11-Jan-2021 Monday CST 19:53:30
{INFO}  com.sverbank.main.BankMain   3)Exit /To netx transfer       11-Jan-2021 Monday CST 19:53:30
{INFO}  com.sverbank.main.BankMain   Internal error occured contact SYSADMIN        11-Jan-2021 Monday CST 19:53:38
{INFO}  com.sverbank.main.BankMain   
Customer MENU       11-Jan-2021 Monday CST 19:53:38
{INFO}  com.sverbank.main.BankMain   ===========================       11-Jan-2021 Monday CST 19:53:38
{INFO}  com.sverbank.main.BankMain   1)Withdraw money       11-Jan-2021 Monday CST 19:53:38
{INFO}  com.sverbank.main.BankMain   2)Add funds       11-Jan-2021 Monday CST 19:53:38
{INFO}  com.sverbank.main.BankMain   3)Send money       11-Jan-2021 Monday CST 19:53:38
{INFO}  com.sverbank.main.BankMain   4)Receive money       11-Jan-2021 Monday CST 19:53:38
{INFO}  com.sverbank.main.BankMain   5)EXIT       11-Jan-2021 Monday CST 19:53:38
{INFO}  com.sverbank.main.BankMain   Please enter appropriate choice between 1-5       11-Jan-2021 Monday CST 19:53:38
{INFO}  com.sverbank.main.BankMain   Welcome to Sverbank App V1.0       11-Jan-2021 Monday CST 20:00:38
{INFO}  com.sverbank.main.BankMain   ---------------------------------------       11-Jan-2021 Monday CST 20:00:38
{INFO}  com.sverbank.main.BankMain   MAIN MENU       11-Jan-2021 Monday CST 20:00:38
{INFO}  com.sverbank.main.BankMain   ===========================       11-Jan-2021 Monday CST 20:00:38
{INFO}  com.sverbank.main.BankMain   1)Log in to my account       11-Jan-2021 Monday CST 20:00:38
{INFO}  com.sverbank.main.BankMain   2)New Customer       11-Jan-2021 Monday CST 20:00:38
{INFO}  com.sverbank.main.BankMain   3)Employee log in       11-Jan-2021 Monday CST 20:00:38
{INFO}  com.sverbank.main.BankMain   Please enter appropriate choice between 1-3       11-Jan-2021 Monday CST 20:00:38
{INFO}  com.sverbank.main.BankMain   Customer log in page       11-Jan-2021 Monday CST 20:01:24
{INFO}  com.sverbank.main.BankMain   Enter your LOGIN       11-Jan-2021 Monday CST 20:01:24
{INFO}  com.sverbank.main.BankMain   Enter your PASSWORD       11-Jan-2021 Monday CST 20:01:27
{INFO}  com.sverbank.main.BankMain   
Hello Alisha       11-Jan-2021 Monday CST 20:01:30
{INFO}  com.sverbank.main.BankMain   
Your accounts:
       11-Jan-2021 Monday CST 20:01:30
{INFO}  com.sverbank.main.BankMain   7213068361  |  active  |  $1600.0       11-Jan-2021 Monday CST 20:01:30
{INFO}  com.sverbank.main.BankMain   
Customer MENU       11-Jan-2021 Monday CST 20:01:30
{INFO}  com.sverbank.main.BankMain   ===========================       11-Jan-2021 Monday CST 20:01:30
{INFO}  com.sverbank.main.BankMain   1)Withdraw money       11-Jan-2021 Monday CST 20:01:30
{INFO}  com.sverbank.main.BankMain   2)Add funds       11-Jan-2021 Monday CST 20:01:30
{INFO}  com.sverbank.main.BankMain   3)Send money       11-Jan-2021 Monday CST 20:01:30
{INFO}  com.sverbank.main.BankMain   4)Receive money       11-Jan-2021 Monday CST 20:01:30
{INFO}  com.sverbank.main.BankMain   5)EXIT       11-Jan-2021 Monday CST 20:01:30
{INFO}  com.sverbank.main.BankMain   Please enter appropriate choice between 1-5       11-Jan-2021 Monday CST 20:01:30
{INFO}  com.sverbank.main.BankMain   Welcome to Sverbank App V1.0       11-Jan-2021 Monday CST 20:03:08
{INFO}  com.sverbank.main.BankMain   ---------------------------------------       11-Jan-2021 Monday CST 20:03:08
{INFO}  com.sverbank.main.BankMain   MAIN MENU       11-Jan-2021 Monday CST 20:03:08
{INFO}  com.sverbank.main.BankMain   ===========================       11-Jan-2021 Monday CST 20:03:08
{INFO}  com.sverbank.main.BankMain   1)Log in to my account       11-Jan-2021 Monday CST 20:03:08
{INFO}  com.sverbank.main.BankMain   2)New Customer       11-Jan-2021 Monday CST 20:03:08
{INFO}  com.sverbank.main.BankMain   3)Employee log in       11-Jan-2021 Monday CST 20:03:08
{INFO}  com.sverbank.main.BankMain   Please enter appropriate choice between 1-3       11-Jan-2021 Monday CST 20:03:08
{INFO}  com.sverbank.main.BankMain   Customer log in page       11-Jan-2021 Monday CST 20:03:11
{INFO}  com.sverbank.main.BankMain   Enter your LOGIN       11-Jan-2021 Monday CST 20:03:11
{INFO}  com.sverbank.main.BankMain   Enter your PASSWORD       11-Jan-2021 Monday CST 20:03:14
{INFO}  com.sverbank.main.BankMain   Entered loging or password is INVALID       11-Jan-2021 Monday CST 20:03:16
{INFO}  com.sverbank.main.BankMain   MAIN MENU       11-Jan-2021 Monday CST 20:03:16
{INFO}  com.sverbank.main.BankMain   ===========================       11-Jan-2021 Monday CST 20:03:16
{INFO}  com.sverbank.main.BankMain   1)Log in to my account       11-Jan-2021 Monday CST 20:03:16
{INFO}  com.sverbank.main.BankMain   2)New Customer       11-Jan-2021 Monday CST 20:03:16
{INFO}  com.sverbank.main.BankMain   3)Employee log in       11-Jan-2021 Monday CST 20:03:16
{INFO}  com.sverbank.main.BankMain   Please enter appropriate choice between 1-3       11-Jan-2021 Monday CST 20:03:16
{INFO}  com.sverbank.main.BankMain   Customer log in page       11-Jan-2021 Monday CST 20:03:25
{INFO}  com.sverbank.main.BankMain   Enter your LOGIN       11-Jan-2021 Monday CST 20:03:25
{INFO}  com.sverbank.main.BankMain   Enter your PASSWORD       11-Jan-2021 Monday CST 20:03:28
{INFO}  com.sverbank.main.BankMain   
Hello Alisha       11-Jan-2021 Monday CST 20:03:32
{INFO}  com.sverbank.main.BankMain   
Your accounts:
       11-Jan-2021 Monday CST 20:03:32
{INFO}  com.sverbank.main.BankMain   7213068361  |  active  |  $1600.0       11-Jan-2021 Monday CST 20:03:32
{INFO}  com.sverbank.main.BankMain   
Customer MENU       11-Jan-2021 Monday CST 20:03:32
{INFO}  com.sverbank.main.BankMain   ===========================       11-Jan-2021 Monday CST 20:03:32
{INFO}  com.sverbank.main.BankMain   1)Withdraw money       11-Jan-2021 Monday CST 20:03:32
{INFO}  com.sverbank.main.BankMain   2)Add funds       11-Jan-2021 Monday CST 20:03:32
{INFO}  com.sverbank.main.BankMain   3)Send money       11-Jan-2021 Monday CST 20:03:32
{INFO}  com.sverbank.main.BankMain   4)Receive money       11-Jan-2021 Monday CST 20:03:32
{INFO}  com.sverbank.main.BankMain   5)EXIT       11-Jan-2021 Monday CST 20:03:32
{INFO}  com.sverbank.main.BankMain   Please enter appropriate choice between 1-5       11-Jan-2021 Monday CST 20:03:32
{INFO}  com.sverbank.main.BankMain   Enter your account number        11-Jan-2021 Monday CST 20:03:43
{INFO}  com.sverbank.main.BankMain   
Your awaiting trunsfers       11-Jan-2021 Monday CST 20:03:46
{INFO}  com.sverbank.main.BankMain   id: 1 | from: 6930591909 | $300.0 | on 2021-01-11       11-Jan-2021 Monday CST 20:03:46
{INFO}  com.sverbank.main.BankMain   Choose 1, 2 or 3       11-Jan-2021 Monday CST 20:03:46
{INFO}  com.sverbank.main.BankMain   ===========================       11-Jan-2021 Monday CST 20:03:46
{INFO}  com.sverbank.main.BankMain   1)Accept transfer       11-Jan-2021 Monday CST 20:03:46
{INFO}  com.sverbank.main.BankMain   2)Decline trunsfer       11-Jan-2021 Monday CST 20:03:46
{INFO}  com.sverbank.main.BankMain   3)Exit /To netx transfer       11-Jan-2021 Monday CST 20:03:46
{INFO}  com.sverbank.main.BankMain   Internal error occured contact SYSADMIN getTransactionById       11-Jan-2021 Monday CST 20:03:54
{INFO}  com.sverbank.main.BankMain   
Customer MENU       11-Jan-2021 Monday CST 20:03:54
{INFO}  com.sverbank.main.BankMain   ===========================       11-Jan-2021 Monday CST 20:03:54
{INFO}  com.sverbank.main.BankMain   1)Withdraw money       11-Jan-2021 Monday CST 20:03:54
{INFO}  com.sverbank.main.BankMain   2)Add funds       11-Jan-2021 Monday CST 20:03:54
{INFO}  com.sverbank.main.BankMain   3)Send money       11-Jan-2021 Monday CST 20:03:54
{INFO}  com.sverbank.main.BankMain   4)Receive money       11-Jan-2021 Monday CST 20:03:54
{INFO}  com.sverbank.main.BankMain   5)EXIT       11-Jan-2021 Monday CST 20:03:54
{INFO}  com.sverbank.main.BankMain   Please enter appropriate choice between 1-5       11-Jan-2021 Monday CST 20:03:54
{INFO}  com.sverbank.main.BankMain   Welcome to Sverbank App V1.0       11-Jan-2021 Monday CST 20:18:11
{INFO}  com.sverbank.main.BankMain   ---------------------------------------       11-Jan-2021 Monday CST 20:18:11
{INFO}  com.sverbank.main.BankMain   MAIN MENU       11-Jan-2021 Monday CST 20:18:11
{INFO}  com.sverbank.main.BankMain   ===========================       11-Jan-2021 Monday CST 20:18:11
{INFO}  com.sverbank.main.BankMain   1)Log in to my account       11-Jan-2021 Monday CST 20:18:11
{INFO}  com.sverbank.main.BankMain   2)New Customer       11-Jan-2021 Monday CST 20:18:11
{INFO}  com.sverbank.main.BankMain   3)Employee log in       11-Jan-2021 Monday CST 20:18:11
{INFO}  com.sverbank.main.BankMain   Please enter appropriate choice between 1-3       11-Jan-2021 Monday CST 20:18:11
{INFO}  com.sverbank.main.BankMain   Customer log in page       11-Jan-2021 Monday CST 20:18:14
{INFO}  com.sverbank.main.BankMain   Enter your LOGIN       11-Jan-2021 Monday CST 20:18:14
{INFO}  com.sverbank.main.BankMain   Enter your PASSWORD       11-Jan-2021 Monday CST 20:18:16
{INFO}  com.sverbank.main.BankMain   
Hello Alisha       11-Jan-2021 Monday CST 20:18:20
{INFO}  com.sverbank.main.BankMain   
Your accounts:
       11-Jan-2021 Monday CST 20:18:20
{INFO}  com.sverbank.main.BankMain   7213068361  |  active  |  $1600.0       11-Jan-2021 Monday CST 20:18:20
{INFO}  com.sverbank.main.BankMain   
Customer MENU       11-Jan-2021 Monday CST 20:18:20
{INFO}  com.sverbank.main.BankMain   ===========================       11-Jan-2021 Monday CST 20:18:20
{INFO}  com.sverbank.main.BankMain   1)Withdraw money       11-Jan-2021 Monday CST 20:18:20
{INFO}  com.sverbank.main.BankMain   2)Add funds       11-Jan-2021 Monday CST 20:18:20
{INFO}  com.sverbank.main.BankMain   3)Send money       11-Jan-2021 Monday CST 20:18:20
{INFO}  com.sverbank.main.BankMain   4)Receive money       11-Jan-2021 Monday CST 20:18:20
{INFO}  com.sverbank.main.BankMain   5)EXIT       11-Jan-2021 Monday CST 20:18:20
{INFO}  com.sverbank.main.BankMain   Please enter appropriate choice between 1-5       11-Jan-2021 Monday CST 20:18:20
{INFO}  com.sverbank.main.BankMain   Enter your account number        11-Jan-2021 Monday CST 20:18:28
{INFO}  com.sverbank.main.BankMain   
Your awaiting trunsfers       11-Jan-2021 Monday CST 20:18:31
{INFO}  com.sverbank.main.BankMain   id: 1000000 | from: 6930591909 | $300.0 | on 2021-01-11       11-Jan-2021 Monday CST 20:18:31
{INFO}  com.sverbank.main.BankMain   Choose 1, 2 or 3       11-Jan-2021 Monday CST 20:18:31
{INFO}  com.sverbank.main.BankMain   ===========================       11-Jan-2021 Monday CST 20:18:31
{INFO}  com.sverbank.main.BankMain   1)Accept transfer       11-Jan-2021 Monday CST 20:18:31
{INFO}  com.sverbank.main.BankMain   2)Decline trunsfer       11-Jan-2021 Monday CST 20:18:31
{INFO}  com.sverbank.main.BankMain   3)Exit /To netx transfer       11-Jan-2021 Monday CST 20:18:31
{INFO}  com.sverbank.main.BankMain   Internal error occured contact SYSADMIN getTransactionById       11-Jan-2021 Monday CST 20:18:44
{INFO}  com.sverbank.main.BankMain   
Customer MENU       11-Jan-2021 Monday CST 20:18:44
{INFO}  com.sverbank.main.BankMain   ===========================       11-Jan-2021 Monday CST 20:18:44
{INFO}  com.sverbank.main.BankMain   1)Withdraw money       11-Jan-2021 Monday CST 20:18:44
{INFO}  com.sverbank.main.BankMain   2)Add funds       11-Jan-2021 Monday CST 20:18:44
{INFO}  com.sverbank.main.BankMain   3)Send money       11-Jan-2021 Monday CST 20:18:44
{INFO}  com.sverbank.main.BankMain   4)Receive money       11-Jan-2021 Monday CST 20:18:44
{INFO}  com.sverbank.main.BankMain   5)EXIT       11-Jan-2021 Monday CST 20:18:44
{INFO}  com.sverbank.main.BankMain   Please enter appropriate choice between 1-5       11-Jan-2021 Monday CST 20:18:44
{INFO}  com.sverbank.main.BankMain   Welcome to Sverbank App V1.0       11-Jan-2021 Monday CST 20:23:21
{INFO}  com.sverbank.main.BankMain   ---------------------------------------       11-Jan-2021 Monday CST 20:23:21
{INFO}  com.sverbank.main.BankMain   MAIN MENU       11-Jan-2021 Monday CST 20:23:21
{INFO}  com.sverbank.main.BankMain   ===========================       11-Jan-2021 Monday CST 20:23:21
{INFO}  com.sverbank.main.BankMain   1)Log in to my account       11-Jan-2021 Monday CST 20:23:21
{INFO}  com.sverbank.main.BankMain   2)New Customer       11-Jan-2021 Monday CST 20:23:21
{INFO}  com.sverbank.main.BankMain   3)Employee log in       11-Jan-2021 Monday CST 20:23:21
{INFO}  com.sverbank.main.BankMain   Please enter appropriate choice between 1-3       11-Jan-2021 Monday CST 20:23:21
{INFO}  com.sverbank.main.BankMain   Customer log in page       11-Jan-2021 Monday CST 20:23:24
{INFO}  com.sverbank.main.BankMain   Enter your LOGIN       11-Jan-2021 Monday CST 20:23:24
{INFO}  com.sverbank.main.BankMain   Enter your PASSWORD       11-Jan-2021 Monday CST 20:23:27
{INFO}  com.sverbank.main.BankMain   
Hello Alisha       11-Jan-2021 Monday CST 20:23:31
{INFO}  com.sverbank.main.BankMain   
Your accounts:
       11-Jan-2021 Monday CST 20:23:31
{INFO}  com.sverbank.main.BankMain   7213068361  |  active  |  $1600.0       11-Jan-2021 Monday CST 20:23:31
{INFO}  com.sverbank.main.BankMain   
Customer MENU       11-Jan-2021 Monday CST 20:23:31
{INFO}  com.sverbank.main.BankMain   ===========================       11-Jan-2021 Monday CST 20:23:31
{INFO}  com.sverbank.main.BankMain   1)Withdraw money       11-Jan-2021 Monday CST 20:23:31
{INFO}  com.sverbank.main.BankMain   2)Add funds       11-Jan-2021 Monday CST 20:23:31
{INFO}  com.sverbank.main.BankMain   3)Send money       11-Jan-2021 Monday CST 20:23:31
{INFO}  com.sverbank.main.BankMain   4)Receive money       11-Jan-2021 Monday CST 20:23:31
{INFO}  com.sverbank.main.BankMain   5)EXIT       11-Jan-2021 Monday CST 20:23:31
{INFO}  com.sverbank.main.BankMain   Please enter appropriate choice between 1-5       11-Jan-2021 Monday CST 20:23:31
{INFO}  com.sverbank.main.BankMain   Enter your account number        11-Jan-2021 Monday CST 20:23:39
{INFO}  com.sverbank.main.BankMain   
Your awaiting trunsfers       11-Jan-2021 Monday CST 20:23:43
{INFO}  com.sverbank.main.BankMain   id: 1000000 | from: 6930591909 | $300.0 | on 2021-01-11       11-Jan-2021 Monday CST 20:23:43
{INFO}  com.sverbank.main.BankMain   Choose 1, 2 or 3       11-Jan-2021 Monday CST 20:23:43
{INFO}  com.sverbank.main.BankMain   ===========================       11-Jan-2021 Monday CST 20:23:43
{INFO}  com.sverbank.main.BankMain   1)Accept transfer       11-Jan-2021 Monday CST 20:23:43
{INFO}  com.sverbank.main.BankMain   2)Decline trunsfer       11-Jan-2021 Monday CST 20:23:43
{INFO}  com.sverbank.main.BankMain   3)Exit /To netx transfer       11-Jan-2021 Monday CST 20:23:43
{INFO}  com.sverbank.main.BankMain   Internal error occured contact SYSADMIN getTransactionById       11-Jan-2021 Monday CST 20:23:55
{INFO}  com.sverbank.main.BankMain   
Customer MENU       11-Jan-2021 Monday CST 20:23:55
{INFO}  com.sverbank.main.BankMain   ===========================       11-Jan-2021 Monday CST 20:23:55
{INFO}  com.sverbank.main.BankMain   1)Withdraw money       11-Jan-2021 Monday CST 20:23:55
{INFO}  com.sverbank.main.BankMain   2)Add funds       11-Jan-2021 Monday CST 20:23:55
{INFO}  com.sverbank.main.BankMain   3)Send money       11-Jan-2021 Monday CST 20:23:55
{INFO}  com.sverbank.main.BankMain   4)Receive money       11-Jan-2021 Monday CST 20:23:55
{INFO}  com.sverbank.main.BankMain   5)EXIT       11-Jan-2021 Monday CST 20:23:55
{INFO}  com.sverbank.main.BankMain   Please enter appropriate choice between 1-5       11-Jan-2021 Monday CST 20:23:55
{INFO}  com.sverbank.main.BankMain   Welcome to Sverbank App V1.0       11-Jan-2021 Monday CST 20:27:09
{INFO}  com.sverbank.main.BankMain   ---------------------------------------       11-Jan-2021 Monday CST 20:27:09
{INFO}  com.sverbank.main.BankMain   MAIN MENU       11-Jan-2021 Monday CST 20:27:09
{INFO}  com.sverbank.main.BankMain   ===========================       11-Jan-2021 Monday CST 20:27:09
{INFO}  com.sverbank.main.BankMain   1)Log in to my account       11-Jan-2021 Monday CST 20:27:09
{INFO}  com.sverbank.main.BankMain   2)New Customer       11-Jan-2021 Monday CST 20:27:09
{INFO}  com.sverbank.main.BankMain   3)Employee log in       11-Jan-2021 Monday CST 20:27:09
{INFO}  com.sverbank.main.BankMain   Please enter appropriate choice between 1-3       11-Jan-2021 Monday CST 20:27:09
{INFO}  com.sverbank.main.BankMain   Customer log in page       11-Jan-2021 Monday CST 20:27:13
{INFO}  com.sverbank.main.BankMain   Enter your LOGIN       11-Jan-2021 Monday CST 20:27:13
{INFO}  com.sverbank.main.BankMain   Enter your PASSWORD       11-Jan-2021 Monday CST 20:27:16
{INFO}  com.sverbank.main.BankMain   
Hello Alisha       11-Jan-2021 Monday CST 20:27:20
{INFO}  com.sverbank.main.BankMain   
Your accounts:
       11-Jan-2021 Monday CST 20:27:20
{INFO}  com.sverbank.main.BankMain   7213068361  |  active  |  $1600.0       11-Jan-2021 Monday CST 20:27:20
{INFO}  com.sverbank.main.BankMain   
Customer MENU       11-Jan-2021 Monday CST 20:27:20
{INFO}  com.sverbank.main.BankMain   ===========================       11-Jan-2021 Monday CST 20:27:20
{INFO}  com.sverbank.main.BankMain   1)Withdraw money       11-Jan-2021 Monday CST 20:27:20
{INFO}  com.sverbank.main.BankMain   2)Add funds       11-Jan-2021 Monday CST 20:27:20
{INFO}  com.sverbank.main.BankMain   3)Send money       11-Jan-2021 Monday CST 20:27:20
{INFO}  com.sverbank.main.BankMain   4)Receive money       11-Jan-2021 Monday CST 20:27:20
{INFO}  com.sverbank.main.BankMain   5)EXIT       11-Jan-2021 Monday CST 20:27:20
{INFO}  com.sverbank.main.BankMain   Please enter appropriate choice between 1-5       11-Jan-2021 Monday CST 20:27:20
{INFO}  com.sverbank.main.BankMain   Enter your account number        11-Jan-2021 Monday CST 20:27:29
{INFO}  com.sverbank.main.BankMain   
Your awaiting trunsfers       11-Jan-2021 Monday CST 20:27:31
{INFO}  com.sverbank.main.BankMain   id: 1000000 | from: 6930591909 | $300.0 | on 2021-01-11       11-Jan-2021 Monday CST 20:27:31
{INFO}  com.sverbank.main.BankMain   Choose 1, 2 or 3       11-Jan-2021 Monday CST 20:27:31
{INFO}  com.sverbank.main.BankMain   ===========================       11-Jan-2021 Monday CST 20:27:31
{INFO}  com.sverbank.main.BankMain   1)Accept transfer       11-Jan-2021 Monday CST 20:27:31
{INFO}  com.sverbank.main.BankMain   2)Decline trunsfer       11-Jan-2021 Monday CST 20:27:31
{INFO}  com.sverbank.main.BankMain   3)Exit /To netx transfer       11-Jan-2021 Monday CST 20:27:31
{INFO}  com.sverbank.main.BankMain   Some internal error occured. Please contact admin       11-Jan-2021 Monday CST 20:27:37
{INFO}  com.sverbank.main.BankMain   
Customer MENU       11-Jan-2021 Monday CST 20:27:37
{INFO}  com.sverbank.main.BankMain   ===========================       11-Jan-2021 Monday CST 20:27:37
{INFO}  com.sverbank.main.BankMain   1)Withdraw money       11-Jan-2021 Monday CST 20:27:37
{INFO}  com.sverbank.main.BankMain   2)Add funds       11-Jan-2021 Monday CST 20:27:37
{INFO}  com.sverbank.main.BankMain   3)Send money       11-Jan-2021 Monday CST 20:27:37
{INFO}  com.sverbank.main.BankMain   4)Receive money       11-Jan-2021 Monday CST 20:27:37
{INFO}  com.sverbank.main.BankMain   5)EXIT       11-Jan-2021 Monday CST 20:27:37
{INFO}  com.sverbank.main.BankMain   Please enter appropriate choice between 1-5       11-Jan-2021 Monday CST 20:27:37
{INFO}  com.sverbank.main.BankMain   Welcome to Sverbank App V1.0       11-Jan-2021 Monday CST 20:28:27
{INFO}  com.sverbank.main.BankMain   ---------------------------------------       11-Jan-2021 Monday CST 20:28:27
{INFO}  com.sverbank.main.BankMain   MAIN MENU       11-Jan-2021 Monday CST 20:28:27
{INFO}  com.sverbank.main.BankMain   ===========================       11-Jan-2021 Monday CST 20:28:27
{INFO}  com.sverbank.main.BankMain   1)Log in to my account       11-Jan-2021 Monday CST 20:28:27
{INFO}  com.sverbank.main.BankMain   2)New Customer       11-Jan-2021 Monday CST 20:28:27
{INFO}  com.sverbank.main.BankMain   3)Employee log in       11-Jan-2021 Monday CST 20:28:27
{INFO}  com.sverbank.main.BankMain   Please enter appropriate choice between 1-3       11-Jan-2021 Monday CST 20:28:27
{INFO}  com.sverbank.main.BankMain   Customer log in page       11-Jan-2021 Monday CST 20:28:30
{INFO}  com.sverbank.main.BankMain   Enter your LOGIN       11-Jan-2021 Monday CST 20:28:30
{INFO}  com.sverbank.main.BankMain   Enter your PASSWORD       11-Jan-2021 Monday CST 20:28:33
{INFO}  com.sverbank.main.BankMain   
Hello Alisha       11-Jan-2021 Monday CST 20:28:35
{INFO}  com.sverbank.main.BankMain   
Your accounts:
       11-Jan-2021 Monday CST 20:28:35
{INFO}  com.sverbank.main.BankMain   7213068361  |  active  |  $1600.0       11-Jan-2021 Monday CST 20:28:35
{INFO}  com.sverbank.main.BankMain   
Customer MENU       11-Jan-2021 Monday CST 20:28:35
{INFO}  com.sverbank.main.BankMain   ===========================       11-Jan-2021 Monday CST 20:28:35
{INFO}  com.sverbank.main.BankMain   1)Withdraw money       11-Jan-2021 Monday CST 20:28:35
{INFO}  com.sverbank.main.BankMain   2)Add funds       11-Jan-2021 Monday CST 20:28:35
{INFO}  com.sverbank.main.BankMain   3)Send money       11-Jan-2021 Monday CST 20:28:35
{INFO}  com.sverbank.main.BankMain   4)Receive money       11-Jan-2021 Monday CST 20:28:35
{INFO}  com.sverbank.main.BankMain   5)EXIT       11-Jan-2021 Monday CST 20:28:35
{INFO}  com.sverbank.main.BankMain   Please enter appropriate choice between 1-5       11-Jan-2021 Monday CST 20:28:35
{INFO}  com.sverbank.main.BankMain   Enter your account number        11-Jan-2021 Monday CST 20:28:44
{INFO}  com.sverbank.main.BankMain   
Your awaiting trunsfers       11-Jan-2021 Monday CST 20:28:46
{INFO}  com.sverbank.main.BankMain   id: 1000000 | from: 6930591909 | $300.0 | on 2021-01-11       11-Jan-2021 Monday CST 20:28:46
{INFO}  com.sverbank.main.BankMain   Choose 1, 2 or 3       11-Jan-2021 Monday CST 20:28:46
{INFO}  com.sverbank.main.BankMain   ===========================       11-Jan-2021 Monday CST 20:28:46
{INFO}  com.sverbank.main.BankMain   1)Accept transfer       11-Jan-2021 Monday CST 20:28:46
{INFO}  com.sverbank.main.BankMain   2)Decline trunsfer       11-Jan-2021 Monday CST 20:28:46
{INFO}  com.sverbank.main.BankMain   3)Exit /To netx transfer       11-Jan-2021 Monday CST 20:28:46
{INFO}  com.sverbank.main.BankMain   
Money trunsfered to your account sccessfully       11-Jan-2021 Monday CST 20:28:50
{INFO}  com.sverbank.main.BankMain   
Availible balance is $1900.0       11-Jan-2021 Monday CST 20:28:50
{INFO}  com.sverbank.main.BankMain   
Customer MENU       11-Jan-2021 Monday CST 20:28:50
{INFO}  com.sverbank.main.BankMain   ===========================       11-Jan-2021 Monday CST 20:28:50
{INFO}  com.sverbank.main.BankMain   1)Withdraw money       11-Jan-2021 Monday CST 20:28:50
{INFO}  com.sverbank.main.BankMain   2)Add funds       11-Jan-2021 Monday CST 20:28:50
{INFO}  com.sverbank.main.BankMain   3)Send money       11-Jan-2021 Monday CST 20:28:50
{INFO}  com.sverbank.main.BankMain   4)Receive money       11-Jan-2021 Monday CST 20:28:50
{INFO}  com.sverbank.main.BankMain   5)EXIT       11-Jan-2021 Monday CST 20:28:50
{INFO}  com.sverbank.main.BankMain   Please enter appropriate choice between 1-5       11-Jan-2021 Monday CST 20:28:50
{INFO}  com.sverbank.main.BankMain   ============================       11-Jan-2021 Monday CST 20:49:48
{INFO}  com.sverbank.main.BankMain       WELCOME TO SVERBANK       11-Jan-2021 Monday CST 20:49:48
{INFO}  com.sverbank.main.BankMain   ============================       11-Jan-2021 Monday CST 20:49:48
{INFO}  com.sverbank.main.BankMain   	(1)	Log in to my account       11-Jan-2021 Monday CST 20:49:48
{INFO}  com.sverbank.main.BankMain   	(2)	New Customer       11-Jan-2021 Monday CST 20:49:48
{INFO}  com.sverbank.main.BankMain   	(3)	Employee log in       11-Jan-2021 Monday CST 20:49:48
{INFO}  com.sverbank.main.BankMain   =================================       11-Jan-2021 Monday CST 20:50:48
{INFO}  com.sverbank.main.BankMain       WELCOME TO SVERBANK       11-Jan-2021 Monday CST 20:50:48
{INFO}  com.sverbank.main.BankMain   =================================       11-Jan-2021 Monday CST 20:50:48
{INFO}  com.sverbank.main.BankMain    (1) Log in to my account       11-Jan-2021 Monday CST 20:50:48
{INFO}  com.sverbank.main.BankMain    (2) New Customer       11-Jan-2021 Monday CST 20:50:48
{INFO}  com.sverbank.main.BankMain    (3) Employee log in       11-Jan-2021 Monday CST 20:50:48
{INFO}  com.sverbank.main.BankMain   ===============================       11-Jan-2021 Monday CST 20:51:21
{INFO}  com.sverbank.main.BankMain       WELCOME TO SVERBANK       11-Jan-2021 Monday CST 20:51:21
{INFO}  com.sverbank.main.BankMain   ===============================       11-Jan-2021 Monday CST 20:51:21
{INFO}  com.sverbank.main.BankMain     (1) Log in to my account       11-Jan-2021 Monday CST 20:51:21
{INFO}  com.sverbank.main.BankMain     (2) New Customer       11-Jan-2021 Monday CST 20:51:21
{INFO}  com.sverbank.main.BankMain     (3) Employee log in       11-Jan-2021 Monday CST 20:51:21
{INFO}  com.sverbank.main.BankMain   ==============================       11-Jan-2021 Monday CST 20:51:37
{INFO}  com.sverbank.main.BankMain       WELCOME TO SVERBANK       11-Jan-2021 Monday CST 20:51:37
{INFO}  com.sverbank.main.BankMain   ==============================       11-Jan-2021 Monday CST 20:51:37
{INFO}  com.sverbank.main.BankMain     (1) Log in to my account       11-Jan-2021 Monday CST 20:51:37
{INFO}  com.sverbank.main.BankMain     (2) New Customer       11-Jan-2021 Monday CST 20:51:37
{INFO}  com.sverbank.main.BankMain     (3) Employee log in       11-Jan-2021 Monday CST 20:51:37
{INFO}  com.sverbank.main.BankMain     Enter your LOGIN       11-Jan-2021 Monday CST 20:52:16
{INFO}  com.sverbank.main.BankMain     Enter your PASSWORD       11-Jan-2021 Monday CST 20:52:21
{INFO}  com.sverbank.main.BankMain   	Hello Anna       11-Jan-2021 Monday CST 20:52:28
{INFO}  com.sverbank.main.BankMain   
	Your accounts:
       11-Jan-2021 Monday CST 20:52:28
{INFO}  com.sverbank.main.BankMain   7954958735  |  pending  |  $600.0       11-Jan-2021 Monday CST 20:52:28
{INFO}  com.sverbank.main.BankMain   6930591909  |  active  |  $700.0       11-Jan-2021 Monday CST 20:52:28
{INFO}  com.sverbank.main.BankMain   ===========================       11-Jan-2021 Monday CST 20:52:28
{INFO}  com.sverbank.main.BankMain        CUSTOMER MENU       11-Jan-2021 Monday CST 20:52:28
{INFO}  com.sverbank.main.BankMain   ===========================       11-Jan-2021 Monday CST 20:52:28
{INFO}  com.sverbank.main.BankMain   	(1) Withdraw money       11-Jan-2021 Monday CST 20:52:28
{INFO}  com.sverbank.main.BankMain     (2) Add funds       11-Jan-2021 Monday CST 20:52:28
{INFO}  com.sverbank.main.BankMain     (3) Send money       11-Jan-2021 Monday CST 20:52:28
{INFO}  com.sverbank.main.BankMain     (4) Receive money       11-Jan-2021 Monday CST 20:52:28
{INFO}  com.sverbank.main.BankMain     (5) Apply for new account       11-Jan-2021 Monday CST 20:52:28
{INFO}  com.sverbank.main.BankMain     (6)	EXIT       11-Jan-2021 Monday CST 20:52:28
{INFO}  com.sverbank.main.BankMain   ==============================       11-Jan-2021 Monday CST 21:01:11
{INFO}  com.sverbank.main.BankMain       WELCOME TO SVERBANK       11-Jan-2021 Monday CST 21:01:11
{INFO}  com.sverbank.main.BankMain   ==============================       11-Jan-2021 Monday CST 21:01:11
{INFO}  com.sverbank.main.BankMain     (1) Log in to my account       11-Jan-2021 Monday CST 21:01:11
{INFO}  com.sverbank.main.BankMain     (2) New Customer       11-Jan-2021 Monday CST 21:01:11
{INFO}  com.sverbank.main.BankMain     (3) Employee log in       11-Jan-2021 Monday CST 21:01:11
{INFO}  com.sverbank.main.BankMain     Enter your LOGIN       11-Jan-2021 Monday CST 21:01:15
{INFO}  com.sverbank.main.BankMain     Enter your PASSWORD       11-Jan-2021 Monday CST 21:01:16
{INFO}  com.sverbank.main.BankMain   	Hello ANNA       11-Jan-2021 Monday CST 21:01:19
{INFO}  com.sverbank.main.BankMain   
	Your accounts:
       11-Jan-2021 Monday CST 21:01:19
{INFO}  com.sverbank.main.BankMain   ==============================       11-Jan-2021 Monday CST 21:04:38
{INFO}  com.sverbank.main.BankMain       WELCOME TO SVERBANK       11-Jan-2021 Monday CST 21:04:38
{INFO}  com.sverbank.main.BankMain   ==============================       11-Jan-2021 Monday CST 21:04:38
{INFO}  com.sverbank.main.BankMain     (1) Log in to my account       11-Jan-2021 Monday CST 21:04:38
{INFO}  com.sverbank.main.BankMain     (2) New Customer       11-Jan-2021 Monday CST 21:04:38
{INFO}  com.sverbank.main.BankMain     (3) Employee log in       11-Jan-2021 Monday CST 21:04:38
{INFO}  com.sverbank.main.BankMain     Enter your LOGIN       11-Jan-2021 Monday CST 21:04:42
{INFO}  com.sverbank.main.BankMain     Enter your PASSWORD       11-Jan-2021 Monday CST 21:04:44
{INFO}  com.sverbank.main.BankMain   			Hello ANNA.  Your accounts:
       11-Jan-2021 Monday CST 21:04:47
{INFO}  com.sverbank.main.BankMain   _______________________________________________________________       11-Jan-2021 Monday CST 21:04:47
{INFO}  com.sverbank.main.BankMain   7954958735  |  pending  |  $600.0       11-Jan-2021 Monday CST 21:04:47
{INFO}  com.sverbank.main.BankMain   6930591909  |  active  |  $700.0       11-Jan-2021 Monday CST 21:04:47
{INFO}  com.sverbank.main.BankMain   ===========================       11-Jan-2021 Monday CST 21:04:47
{INFO}  com.sverbank.main.BankMain        CUSTOMER MENU       11-Jan-2021 Monday CST 21:04:47
{INFO}  com.sverbank.main.BankMain   ===========================       11-Jan-2021 Monday CST 21:04:47
{INFO}  com.sverbank.main.BankMain   	(1) Withdraw money       11-Jan-2021 Monday CST 21:04:47
{INFO}  com.sverbank.main.BankMain     (2) Add funds       11-Jan-2021 Monday CST 21:04:47
{INFO}  com.sverbank.main.BankMain     (3) Send money       11-Jan-2021 Monday CST 21:04:47
{INFO}  com.sverbank.main.BankMain     (4) Receive money       11-Jan-2021 Monday CST 21:04:47
{INFO}  com.sverbank.main.BankMain     (5) Apply for new account       11-Jan-2021 Monday CST 21:04:47
{INFO}  com.sverbank.main.BankMain     (6)	EXIT       11-Jan-2021 Monday CST 21:04:47
{INFO}  com.sverbank.main.BankMain   
==============================       11-Jan-2021 Monday CST 22:17:20
{INFO}  com.sverbank.main.BankMain       WELCOME TO SVERBANK       11-Jan-2021 Monday CST 22:17:20
{INFO}  com.sverbank.main.BankMain   ==============================       11-Jan-2021 Monday CST 22:17:20
{INFO}  com.sverbank.main.BankMain     (1) Log in to my account       11-Jan-2021 Monday CST 22:17:20
{INFO}  com.sverbank.main.BankMain     (2) New Customer       11-Jan-2021 Monday CST 22:17:20
{INFO}  com.sverbank.main.BankMain     (3) Employee log in       11-Jan-2021 Monday CST 22:17:20
{INFO}  com.sverbank.main.BankMain   Employee log in page       11-Jan-2021 Monday CST 22:17:23
{INFO}  com.sverbank.main.BankMain   EMPLOYEE MENU       11-Jan-2021 Monday CST 22:17:23
{INFO}  com.sverbank.main.BankMain   ===========================       11-Jan-2021 Monday CST 22:17:23
{INFO}  com.sverbank.main.BankMain   1)Register new customer       11-Jan-2021 Monday CST 22:17:23
{INFO}  com.sverbank.main.BankMain   2)View all accounts by status       11-Jan-2021 Monday CST 22:17:23
{INFO}  com.sverbank.main.BankMain   3)Change status of an account       11-Jan-2021 Monday CST 22:17:23
{INFO}  com.sverbank.main.BankMain   4)EXIT       11-Jan-2021 Monday CST 22:17:23
{INFO}  com.sverbank.main.BankMain   Please enter appropriate choice between 1-5       11-Jan-2021 Monday CST 22:17:23
{INFO}  com.sverbank.main.BankMain   
==============================       11-Jan-2021 Monday CST 22:18:50
{INFO}  com.sverbank.main.BankMain       WELCOME TO SVERBANK       11-Jan-2021 Monday CST 22:18:50
{INFO}  com.sverbank.main.BankMain   ==============================       11-Jan-2021 Monday CST 22:18:50
{INFO}  com.sverbank.main.BankMain     (1) Log in to my account       11-Jan-2021 Monday CST 22:18:50
{INFO}  com.sverbank.main.BankMain     (2) New Customer       11-Jan-2021 Monday CST 22:18:50
{INFO}  com.sverbank.main.BankMain     (3) Employee log in       11-Jan-2021 Monday CST 22:18:50
{INFO}  com.sverbank.main.BankMain   ===========================       11-Jan-2021 Monday CST 22:18:53
{INFO}  com.sverbank.main.BankMain   
    EMPLOYEE MENU       11-Jan-2021 Monday CST 22:18:53
{INFO}  com.sverbank.main.BankMain   ===========================       11-Jan-2021 Monday CST 22:18:53
{INFO}  com.sverbank.main.BankMain     (1) Register new customer       11-Jan-2021 Monday CST 22:18:53
{INFO}  com.sverbank.main.BankMain     (2) View all accounts by status       11-Jan-2021 Monday CST 22:18:53
{INFO}  com.sverbank.main.BankMain     (3) Change status of an account       11-Jan-2021 Monday CST 22:18:53
{INFO}  com.sverbank.main.BankMain     (4) EXIT       11-Jan-2021 Monday CST 22:18:53
{INFO}  com.sverbank.main.BankMain   Please enter appropriate choice between 1-5       11-Jan-2021 Monday CST 22:18:53
{INFO}  com.sverbank.main.BankMain   
==============================       11-Jan-2021 Monday CST 22:19:31
{INFO}  com.sverbank.main.BankMain       WELCOME TO SVERBANK       11-Jan-2021 Monday CST 22:19:31
{INFO}  com.sverbank.main.BankMain   ==============================       11-Jan-2021 Monday CST 22:19:31
{INFO}  com.sverbank.main.BankMain     (1) Log in to my account       11-Jan-2021 Monday CST 22:19:31
{INFO}  com.sverbank.main.BankMain     (2) New Customer       11-Jan-2021 Monday CST 22:19:31
{INFO}  com.sverbank.main.BankMain     (3) Employee log in       11-Jan-2021 Monday CST 22:19:31
{INFO}  com.sverbank.main.BankMain   
===========================       11-Jan-2021 Monday CST 22:19:35
{INFO}  com.sverbank.main.BankMain         EMPLOYEE MENU       11-Jan-2021 Monday CST 22:19:35
{INFO}  com.sverbank.main.BankMain   ===========================       11-Jan-2021 Monday CST 22:19:35
{INFO}  com.sverbank.main.BankMain     (1) Register new customer       11-Jan-2021 Monday CST 22:19:35
{INFO}  com.sverbank.main.BankMain     (2) View all accounts by status       11-Jan-2021 Monday CST 22:19:35
{INFO}  com.sverbank.main.BankMain     (3) Change status of an account       11-Jan-2021 Monday CST 22:19:35
{INFO}  com.sverbank.main.BankMain     (4) EXIT       11-Jan-2021 Monday CST 22:19:35
{INFO}  com.sverbank.main.BankMain     Enter customer's FIRST NAME       11-Jan-2021 Monday CST 22:19:49
{INFO}  com.sverbank.main.BankMain     Enter customer's LAST NAME       11-Jan-2021 Monday CST 22:20:07
{INFO}  com.sverbank.main.BankMain     Enter F or M for customer's gender       11-Jan-2021 Monday CST 22:20:27
{INFO}  com.sverbank.main.BankMain   
  Enter your DATE OF BIRTH in format yyyy-dd-mm       11-Jan-2021 Monday CST 22:20:30
{INFO}  com.sverbank.main.BankMain     Enter SSN (9 digits without spaces       11-Jan-2021 Monday CST 22:20:56
{INFO}  com.sverbank.main.BankMain     Enter customer's ADDRESS       11-Jan-2021 Monday CST 22:21:40
{INFO}  com.sverbank.main.BankMain     Enter customer's PHONE number (10 digits without spaces)       11-Jan-2021 Monday CST 22:22:16
{INFO}  com.sverbank.main.BankMain   
       11-Jan-2021 Monday CST 22:23:09
{INFO}  com.sverbank.main.BankMain   You ID is1074       11-Jan-2021 Monday CST 22:23:09
{INFO}  com.sverbank.main.BankMain   
Enter starting balance for your account       11-Jan-2021 Monday CST 22:23:09
{INFO}  com.sverbank.main.BankMain   
Account created successfully. Your accout number is: 3045858437       11-Jan-2021 Monday CST 22:24:48
{INFO}  com.sverbank.main.BankMain     Enter new LOGIN       11-Jan-2021 Monday CST 22:24:48
{INFO}  com.sverbank.main.BankMain     Enter new PASSWORD       11-Jan-2021 Monday CST 22:27:14
{INFO}  com.sverbank.main.BankMain   
  Account created successfully       11-Jan-2021 Monday CST 22:28:06
{INFO}  com.sverbank.main.BankMain   
===========================       11-Jan-2021 Monday CST 22:28:06
{INFO}  com.sverbank.main.BankMain         EMPLOYEE MENU       11-Jan-2021 Monday CST 22:28:06
{INFO}  com.sverbank.main.BankMain   ===========================       11-Jan-2021 Monday CST 22:28:06
{INFO}  com.sverbank.main.BankMain     (1) Register new customer       11-Jan-2021 Monday CST 22:28:06
{INFO}  com.sverbank.main.BankMain     (2) View all accounts by status       11-Jan-2021 Monday CST 22:28:06
{INFO}  com.sverbank.main.BankMain     (3) Change status of an account       11-Jan-2021 Monday CST 22:28:06
{INFO}  com.sverbank.main.BankMain     (4) EXIT       11-Jan-2021 Monday CST 22:28:06
{INFO}  com.sverbank.main.BankMain   
==============================       12-Jan-2021 Tuesday CST 00:41:42
{INFO}  com.sverbank.main.BankMain       WELCOME TO SVERBANK       12-Jan-2021 Tuesday CST 00:41:42
{INFO}  com.sverbank.main.BankMain   ==============================       12-Jan-2021 Tuesday CST 00:41:42
{INFO}  com.sverbank.main.BankMain     (1) Log in to my account       12-Jan-2021 Tuesday CST 00:41:42
{INFO}  com.sverbank.main.BankMain     (2) New Customer       12-Jan-2021 Tuesday CST 00:41:42
{INFO}  com.sverbank.main.BankMain     (3) Employee log in       12-Jan-2021 Tuesday CST 00:41:42
{INFO}  com.sverbank.main.BankMain     Enter your EMPLOYRR ID       12-Jan-2021 Tuesday CST 00:41:50
{INFO}  com.sverbank.main.BankMain     Enter your PASSWORD       12-Jan-2021 Tuesday CST 00:42:20
{INFO}  com.sverbank.main.BankMain   Entered loging or password is INVALID       12-Jan-2021 Tuesday CST 00:42:27
{INFO}  com.sverbank.main.BankMain   Invalid menu option.Please try again!       12-Jan-2021 Tuesday CST 00:42:27
{INFO}  com.sverbank.main.BankMain   
==============================       12-Jan-2021 Tuesday CST 00:42:27
{INFO}  com.sverbank.main.BankMain       WELCOME TO SVERBANK       12-Jan-2021 Tuesday CST 00:42:27
{INFO}  com.sverbank.main.BankMain   ==============================       12-Jan-2021 Tuesday CST 00:42:27
{INFO}  com.sverbank.main.BankMain     (1) Log in to my account       12-Jan-2021 Tuesday CST 00:42:27
{INFO}  com.sverbank.main.BankMain     (2) New Customer       12-Jan-2021 Tuesday CST 00:42:27
{INFO}  com.sverbank.main.BankMain     (3) Employee log in       12-Jan-2021 Tuesday CST 00:42:27
{INFO}  com.sverbank.main.BankMain   
==============================       12-Jan-2021 Tuesday CST 00:44:59
{INFO}  com.sverbank.main.BankMain       WELCOME TO SVERBANK       12-Jan-2021 Tuesday CST 00:44:59
{INFO}  com.sverbank.main.BankMain   ==============================       12-Jan-2021 Tuesday CST 00:44:59
{INFO}  com.sverbank.main.BankMain     (1) Log in to my account       12-Jan-2021 Tuesday CST 00:44:59
{INFO}  com.sverbank.main.BankMain     (2) New Customer       12-Jan-2021 Tuesday CST 00:44:59
{INFO}  com.sverbank.main.BankMain     (3) Employee log in       12-Jan-2021 Tuesday CST 00:44:59
{INFO}  com.sverbank.main.BankMain     Enter your EMPLOYEE ID       12-Jan-2021 Tuesday CST 00:45:01
{INFO}  com.sverbank.main.BankMain     Enter your PASSWORD       12-Jan-2021 Tuesday CST 00:45:10
{INFO}  com.sverbank.main.BankMain   Some internal error occured. Please contact admin       12-Jan-2021 Tuesday CST 00:45:17
{INFO}  com.sverbank.main.BankMain   Invalid menu option.Please try again!       12-Jan-2021 Tuesday CST 00:45:17
{INFO}  com.sverbank.main.BankMain   
==============================       12-Jan-2021 Tuesday CST 00:45:17
{INFO}  com.sverbank.main.BankMain       WELCOME TO SVERBANK       12-Jan-2021 Tuesday CST 00:45:17
{INFO}  com.sverbank.main.BankMain   ==============================       12-Jan-2021 Tuesday CST 00:45:17
{INFO}  com.sverbank.main.BankMain     (1) Log in to my account       12-Jan-2021 Tuesday CST 00:45:17
{INFO}  com.sverbank.main.BankMain     (2) New Customer       12-Jan-2021 Tuesday CST 00:45:17
{INFO}  com.sverbank.main.BankMain     (3) Employee log in       12-Jan-2021 Tuesday CST 00:45:17
{INFO}  com.sverbank.main.BankMain   
==============================       12-Jan-2021 Tuesday CST 00:48:50
{INFO}  com.sverbank.main.BankMain       WELCOME TO SVERBANK       12-Jan-2021 Tuesday CST 00:48:50
{INFO}  com.sverbank.main.BankMain   ==============================       12-Jan-2021 Tuesday CST 00:48:50
{INFO}  com.sverbank.main.BankMain     (1) Log in to my account       12-Jan-2021 Tuesday CST 00:48:50
{INFO}  com.sverbank.main.BankMain     (2) New Customer       12-Jan-2021 Tuesday CST 00:48:50
{INFO}  com.sverbank.main.BankMain     (3) Employee log in       12-Jan-2021 Tuesday CST 00:48:50
{INFO}  com.sverbank.main.BankMain     Enter your EMPLOYEE ID       12-Jan-2021 Tuesday CST 00:48:52
{INFO}  com.sverbank.main.BankMain     Enter your PASSWORD       12-Jan-2021 Tuesday CST 00:49:06
{INFO}  com.sverbank.main.BankMain   Entered loging or password is INVALID       12-Jan-2021 Tuesday CST 00:49:11
{INFO}  com.sverbank.main.BankMain   Invalid menu option.Please try again!       12-Jan-2021 Tuesday CST 00:49:11
{INFO}  com.sverbank.main.BankMain   
==============================       12-Jan-2021 Tuesday CST 00:49:11
{INFO}  com.sverbank.main.BankMain       WELCOME TO SVERBANK       12-Jan-2021 Tuesday CST 00:49:11
{INFO}  com.sverbank.main.BankMain   ==============================       12-Jan-2021 Tuesday CST 00:49:11
{INFO}  com.sverbank.main.BankMain     (1) Log in to my account       12-Jan-2021 Tuesday CST 00:49:11
{INFO}  com.sverbank.main.BankMain     (2) New Customer       12-Jan-2021 Tuesday CST 00:49:11
{INFO}  com.sverbank.main.BankMain     (3) Employee log in       12-Jan-2021 Tuesday CST 00:49:11
{INFO}  com.sverbank.main.BankMain   
==============================       12-Jan-2021 Tuesday CST 00:49:55
{INFO}  com.sverbank.main.BankMain       WELCOME TO SVERBANK       12-Jan-2021 Tuesday CST 00:49:55
{INFO}  com.sverbank.main.BankMain   ==============================       12-Jan-2021 Tuesday CST 00:49:55
{INFO}  com.sverbank.main.BankMain     (1) Log in to my account       12-Jan-2021 Tuesday CST 00:49:55
{INFO}  com.sverbank.main.BankMain     (2) New Customer       12-Jan-2021 Tuesday CST 00:49:55
{INFO}  com.sverbank.main.BankMain     (3) Employee log in       12-Jan-2021 Tuesday CST 00:49:55
{INFO}  com.sverbank.main.BankMain     Enter your EMPLOYEE ID       12-Jan-2021 Tuesday CST 00:50:00
{INFO}  com.sverbank.main.BankMain     Enter your PASSWORD       12-Jan-2021 Tuesday CST 00:51:42
{INFO}  com.sverbank.main.BankMain   Entered loging or password is INVALID       12-Jan-2021 Tuesday CST 00:51:43
{INFO}  com.sverbank.main.BankMain   Invalid menu option.Please try again!       12-Jan-2021 Tuesday CST 00:51:43
{INFO}  com.sverbank.main.BankMain   
==============================       12-Jan-2021 Tuesday CST 00:51:43
{INFO}  com.sverbank.main.BankMain       WELCOME TO SVERBANK       12-Jan-2021 Tuesday CST 00:51:43
{INFO}  com.sverbank.main.BankMain   ==============================       12-Jan-2021 Tuesday CST 00:51:43
{INFO}  com.sverbank.main.BankMain     (1) Log in to my account       12-Jan-2021 Tuesday CST 00:51:43
{INFO}  com.sverbank.main.BankMain     (2) New Customer       12-Jan-2021 Tuesday CST 00:51:43
{INFO}  com.sverbank.main.BankMain     (3) Employee log in       12-Jan-2021 Tuesday CST 00:51:43
{INFO}  com.sverbank.main.BankMain     Enter your EMPLOYEE ID       12-Jan-2021 Tuesday CST 00:51:51
{INFO}  com.sverbank.main.BankMain     Enter your PASSWORD       12-Jan-2021 Tuesday CST 00:52:02
{INFO}  com.sverbank.main.BankMain   	Hello Jennifer Johnson       12-Jan-2021 Tuesday CST 00:52:13
{INFO}  com.sverbank.main.BankMain   
===========================       12-Jan-2021 Tuesday CST 00:52:13
{INFO}  com.sverbank.main.BankMain          EMPLOYEE MENU       12-Jan-2021 Tuesday CST 00:52:13
{INFO}  com.sverbank.main.BankMain   ===========================       12-Jan-2021 Tuesday CST 00:52:13
{INFO}  com.sverbank.main.BankMain     (1)  Register new customer       12-Jan-2021 Tuesday CST 00:52:13
{INFO}  com.sverbank.main.BankMain     (2)  View all accounts by status       12-Jan-2021 Tuesday CST 00:52:13
{INFO}  com.sverbank.main.BankMain     (3)  Change status of an account       12-Jan-2021 Tuesday CST 00:52:13
{INFO}  com.sverbank.main.BankMain     (4)  EXIT       12-Jan-2021 Tuesday CST 00:52:13
{INFO}  com.sverbank.main.BankMain     Enter accout number status of witch you would like to change       12-Jan-2021 Tuesday CST 00:53:00
{INFO}  com.sverbank.main.BankMain     Enter new Status       12-Jan-2021 Tuesday CST 00:53:19
{INFO}  com.sverbank.main.BankMain   
  Account udated successfully       12-Jan-2021 Tuesday CST 00:53:27
{INFO}  com.sverbank.main.BankMain   
===========================       12-Jan-2021 Tuesday CST 00:53:27
{INFO}  com.sverbank.main.BankMain          EMPLOYEE MENU       12-Jan-2021 Tuesday CST 00:53:27
{INFO}  com.sverbank.main.BankMain   ===========================       12-Jan-2021 Tuesday CST 00:53:27
{INFO}  com.sverbank.main.BankMain     (1)  Register new customer       12-Jan-2021 Tuesday CST 00:53:27
{INFO}  com.sverbank.main.BankMain     (2)  View all accounts by status       12-Jan-2021 Tuesday CST 00:53:27
{INFO}  com.sverbank.main.BankMain     (3)  Change status of an account       12-Jan-2021 Tuesday CST 00:53:27
{INFO}  com.sverbank.main.BankMain     (4)  EXIT       12-Jan-2021 Tuesday CST 00:53:27
